0 verbose cli /opt/homebrew/Cellar/node/19.7.0/bin/node /opt/homebrew/bin/npm
1 info using npm@9.5.0
2 info using node@v19.7.0
3 timing npm:load:whichnode Completed in 0ms
4 timing config:load:defaults Completed in 3ms
5 timing config:load:file:/opt/homebrew/lib/node_modules/npm/npmrc Completed in 0ms
6 timing config:load:builtin Completed in 1ms
7 timing config:load:cli Completed in 0ms
8 timing config:load:env Completed in 0ms
9 timing config:load:file:/Users/david.pedersen/code/axum-live-view/assets-precompiled/.npmrc Completed in 0ms
10 timing config:load:project Completed in 1ms
11 timing config:load:file:/Users/david.pedersen/.npmrc Completed in 0ms
12 timing config:load:user Completed in 0ms
13 timing config:load:file:/opt/homebrew/etc/npmrc Completed in 0ms
14 timing config:load:global Completed in 0ms
15 timing config:load:setEnvs Completed in 0ms
16 timing config:load Completed in 5ms
17 timing npm:load:configload Completed in 5ms
18 timing npm:load:mkdirpcache Completed in 0ms
19 timing npm:load:mkdirplogs Completed in 0ms
20 verbose title npm install
21 verbose argv "install"
22 timing npm:load:setTitle Completed in 2ms
23 timing config:load:flatten Completed in 1ms
24 timing npm:load:display Completed in 1ms
25 verbose logfile logs-max:10 dir:/Users/david.pedersen/.npm/_logs/2023-03-02T18_39_38_518Z-
26 verbose logfile /Users/david.pedersen/.npm/_logs/2023-03-02T18_39_38_518Z-debug-0.log
27 timing npm:load:logFile Completed in 2ms
28 timing npm:load:timers Completed in 0ms
29 timing npm:load:configScope Completed in 0ms
30 timing npm:load Completed in 10ms
31 timing arborist:ctor Completed in 0ms
32 silly logfile done cleaning log files
33 timing arborist:ctor Completed in 0ms
34 timing idealTree:init Completed in 4ms
35 timing idealTree:userRequests Completed in 0ms
36 silly idealTree buildDeps
37 silly fetch manifest webpack-cli@^4.9.1
38 http fetch GET 200 https://registry.npmjs.org/webpack-cli 281ms (cache miss)
39 silly fetch manifest webpack@4.x.x || 5.x.x
40 http fetch GET 200 https://registry.npmjs.org/webpack 413ms (cache miss)
41 silly placeDep ROOT axum-live-view@0.1.0 OK for:  want: file:../assets
42 silly placeDep ROOT webpack-cli@4.10.0 OK for:  want: ^4.9.1
43 silly placeDep ROOT webpack@5.75.0 OK for: webpack-cli@4.10.0 want: 4.x.x || 5.x.x
44 silly fetch manifest @discoveryjs/json-ext@^0.5.0
45 silly fetch manifest @webpack-cli/configtest@^1.2.0
46 silly fetch manifest @webpack-cli/info@^1.5.0
47 silly fetch manifest @webpack-cli/serve@^1.7.0
48 silly fetch manifest colorette@^2.0.14
49 silly fetch manifest commander@^7.0.0
50 silly fetch manifest cross-spawn@^7.0.3
51 silly fetch manifest fastest-levenshtein@^1.0.12
52 silly fetch manifest import-local@^3.0.2
53 silly fetch manifest interpret@^2.2.0
54 silly fetch manifest rechoir@^0.7.0
55 silly fetch manifest webpack-merge@^5.7.3
56 silly fetch manifest @types/eslint-scope@^3.7.3
57 silly fetch manifest @types/estree@^0.0.51
58 silly fetch manifest @webassemblyjs/ast@1.11.1
59 silly fetch manifest @webassemblyjs/wasm-edit@1.11.1
60 silly fetch manifest @webassemblyjs/wasm-parser@1.11.1
61 silly fetch manifest acorn@^8.7.1
62 silly fetch manifest acorn-import-assertions@^1.7.6
63 silly fetch manifest browserslist@^4.14.5
64 silly fetch manifest chrome-trace-event@^1.0.2
65 silly fetch manifest enhanced-resolve@^5.10.0
66 silly fetch manifest es-module-lexer@^0.9.0
67 silly fetch manifest eslint-scope@5.1.1
68 silly fetch manifest events@^3.2.0
69 silly fetch manifest glob-to-regexp@^0.4.1
70 silly fetch manifest graceful-fs@^4.2.9
71 silly fetch manifest json-parse-even-better-errors@^2.3.1
72 silly fetch manifest loader-runner@^4.2.0
73 silly fetch manifest mime-types@^2.1.27
74 silly fetch manifest neo-async@^2.6.2
75 silly fetch manifest schema-utils@^3.1.0
76 silly fetch manifest tapable@^2.1.1
77 silly fetch manifest terser-webpack-plugin@^5.1.3
78 silly fetch manifest watchpack@^2.4.0
79 silly fetch manifest webpack-sources@^3.2.3
80 http fetch GET 200 https://registry.npmjs.org/@discoveryjs%2fjson-ext 106ms (cache miss)
81 http fetch GET 200 https://registry.npmjs.org/@webassemblyjs%2fwasm-edit 222ms (cache miss)
82 http fetch GET 200 https://registry.npmjs.org/rechoir 228ms (cache miss)
83 http fetch GET 200 https://registry.npmjs.org/@types%2feslint-scope 230ms (cache miss)
84 http fetch GET 200 https://registry.npmjs.org/fastest-levenshtein 236ms (cache miss)
85 http fetch GET 200 https://registry.npmjs.org/interpret 241ms (cache miss)
86 http fetch GET 200 https://registry.npmjs.org/colorette 253ms (cache miss)
87 http fetch GET 200 https://registry.npmjs.org/@types%2festree 251ms (cache miss)
88 http fetch GET 200 https://registry.npmjs.org/@webpack-cli%2fconfigtest 260ms (cache miss)
89 http fetch GET 200 https://registry.npmjs.org/import-local 265ms (cache miss)
90 http fetch GET 200 https://registry.npmjs.org/cross-spawn 360ms (cache miss)
91 http fetch GET 200 https://registry.npmjs.org/@webassemblyjs%2fwasm-parser 397ms (cache miss)
92 http fetch GET 200 https://registry.npmjs.org/chrome-trace-event 412ms (cache miss)
93 http fetch GET 200 https://registry.npmjs.org/acorn-import-assertions 419ms (cache miss)
94 http fetch GET 200 https://registry.npmjs.org/eslint-scope 464ms (cache miss)
95 http fetch GET 200 https://registry.npmjs.org/events 477ms (cache miss)
96 http fetch GET 200 https://registry.npmjs.org/@webpack-cli%2finfo 489ms (cache miss)
97 http fetch GET 200 https://registry.npmjs.org/@webpack-cli%2fserve 489ms (cache miss)
98 http fetch GET 200 https://registry.npmjs.org/glob-to-regexp 489ms (cache miss)
99 http fetch GET 200 https://registry.npmjs.org/webpack-merge 501ms (cache miss)
100 http fetch GET 200 https://registry.npmjs.org/@webassemblyjs%2fast 512ms (cache miss)
101 http fetch GET 200 https://registry.npmjs.org/json-parse-even-better-errors 524ms (cache miss)
102 http fetch GET 200 https://registry.npmjs.org/loader-runner 532ms (cache miss)
103 http fetch GET 200 https://registry.npmjs.org/graceful-fs 535ms (cache miss)
104 http fetch GET 200 https://registry.npmjs.org/commander 560ms (cache miss)
105 http fetch GET 200 https://registry.npmjs.org/es-module-lexer 556ms (cache miss)
106 http fetch GET 200 https://registry.npmjs.org/acorn 584ms (cache miss)
107 http fetch GET 200 https://registry.npmjs.org/mime-types 621ms (cache miss)
108 http fetch GET 200 https://registry.npmjs.org/enhanced-resolve 631ms (cache miss)
109 http fetch GET 200 https://registry.npmjs.org/tapable 652ms (cache miss)
110 http fetch GET 200 https://registry.npmjs.org/watchpack 658ms (cache miss)
111 http fetch GET 200 https://registry.npmjs.org/neo-async 663ms (cache miss)
112 http fetch GET 200 https://registry.npmjs.org/schema-utils 690ms (cache miss)
113 http fetch GET 200 https://registry.npmjs.org/webpack-sources 691ms (cache miss)
114 http fetch GET 200 https://registry.npmjs.org/browserslist 703ms (cache miss)
115 http fetch GET 200 https://registry.npmjs.org/terser-webpack-plugin 736ms (cache miss)
116 timing idealTree:#root Completed in 1482ms
117 timing idealTree:node_modules/axum-live-view Completed in 0ms
118 silly fetch manifest webpack@^5.1.0
119 silly placeDep ROOT @types/eslint-scope@3.7.4 OK for: webpack@5.75.0 want: ^3.7.3
120 silly placeDep ROOT @types/estree@0.0.51 OK for: webpack@5.75.0 want: ^0.0.51
121 silly placeDep ROOT @webassemblyjs/ast@1.11.1 OK for: webpack@5.75.0 want: 1.11.1
122 silly placeDep ROOT @webassemblyjs/wasm-edit@1.11.1 OK for: webpack@5.75.0 want: 1.11.1
123 silly placeDep ROOT @webassemblyjs/wasm-parser@1.11.1 OK for: webpack@5.75.0 want: 1.11.1
124 silly placeDep ROOT acorn@8.8.2 OK for: webpack@5.75.0 want: ^8.7.1
125 silly placeDep ROOT acorn-import-assertions@1.8.0 OK for: webpack@5.75.0 want: ^1.7.6
126 silly placeDep ROOT browserslist@4.21.5 OK for: webpack@5.75.0 want: ^4.14.5
127 silly placeDep ROOT chrome-trace-event@1.0.3 OK for: webpack@5.75.0 want: ^1.0.2
128 silly placeDep ROOT enhanced-resolve@5.12.0 OK for: webpack@5.75.0 want: ^5.10.0
129 silly placeDep ROOT es-module-lexer@0.9.3 OK for: webpack@5.75.0 want: ^0.9.0
130 silly placeDep ROOT eslint-scope@5.1.1 OK for: webpack@5.75.0 want: 5.1.1
131 silly placeDep ROOT events@3.3.0 OK for: webpack@5.75.0 want: ^3.2.0
132 silly placeDep ROOT glob-to-regexp@0.4.1 OK for: webpack@5.75.0 want: ^0.4.1
133 silly placeDep ROOT graceful-fs@4.2.10 OK for: webpack@5.75.0 want: ^4.2.9
134 silly placeDep ROOT json-parse-even-better-errors@2.3.1 OK for: webpack@5.75.0 want: ^2.3.1
135 silly placeDep ROOT loader-runner@4.3.0 OK for: webpack@5.75.0 want: ^4.2.0
136 silly placeDep ROOT mime-types@2.1.35 OK for: webpack@5.75.0 want: ^2.1.27
137 silly placeDep ROOT neo-async@2.6.2 OK for: webpack@5.75.0 want: ^2.6.2
138 silly placeDep ROOT schema-utils@3.1.1 OK for: webpack@5.75.0 want: ^3.1.0
139 silly placeDep ROOT tapable@2.2.1 OK for: webpack@5.75.0 want: ^2.1.1
140 silly placeDep ROOT terser-webpack-plugin@5.3.6 OK for: webpack@5.75.0 want: ^5.1.3
141 silly placeDep ROOT watchpack@2.4.0 OK for: webpack@5.75.0 want: ^2.4.0
142 silly placeDep ROOT webpack-sources@3.2.3 OK for: webpack@5.75.0 want: ^3.2.3
143 silly fetch manifest @types/eslint@*
144 silly fetch manifest @webassemblyjs/helper-numbers@1.11.1
145 silly fetch manifest @webassemblyjs/helper-wasm-bytecode@1.11.1
146 silly fetch manifest @webassemblyjs/helper-buffer@1.11.1
147 silly fetch manifest @webassemblyjs/helper-wasm-section@1.11.1
148 silly fetch manifest @webassemblyjs/wasm-gen@1.11.1
149 silly fetch manifest @webassemblyjs/wasm-opt@1.11.1
150 silly fetch manifest @webassemblyjs/wast-printer@1.11.1
151 silly fetch manifest @webassemblyjs/helper-api-error@1.11.1
152 silly fetch manifest @webassemblyjs/ieee754@1.11.1
153 silly fetch manifest @webassemblyjs/leb128@1.11.1
154 silly fetch manifest @webassemblyjs/utf8@1.11.1
155 silly fetch manifest caniuse-lite@^1.0.30001449
156 silly fetch manifest electron-to-chromium@^1.4.284
157 silly fetch manifest node-releases@^2.0.8
158 silly fetch manifest update-browserslist-db@^1.0.10
159 silly fetch manifest esrecurse@^4.3.0
160 silly fetch manifest estraverse@^4.1.1
161 silly fetch manifest mime-db@1.52.0
162 silly fetch manifest @types/json-schema@^7.0.8
163 silly fetch manifest ajv@^6.12.5
164 silly fetch manifest ajv-keywords@^3.5.2
165 silly fetch manifest @jridgewell/trace-mapping@^0.3.14
166 silly fetch manifest jest-worker@^27.4.5
167 silly fetch manifest serialize-javascript@^6.0.0
168 silly fetch manifest terser@^5.14.1
169 http fetch GET 200 https://registry.npmjs.org/@types%2feslint 222ms (cache miss)
170 http fetch GET 200 https://registry.npmjs.org/@webassemblyjs%2fhelper-numbers 228ms (cache miss)
171 http fetch GET 200 https://registry.npmjs.org/@webassemblyjs%2fleb128 366ms (cache miss)
172 http fetch GET 200 https://registry.npmjs.org/@webassemblyjs%2fwast-printer 368ms (cache miss)
173 http fetch GET 200 https://registry.npmjs.org/@webassemblyjs%2fieee754 373ms (cache miss)
174 http fetch GET 200 https://registry.npmjs.org/@webassemblyjs%2fhelper-api-error 387ms (cache miss)
175 http fetch GET 200 https://registry.npmjs.org/@webassemblyjs%2fwasm-gen 398ms (cache miss)
176 http fetch GET 200 https://registry.npmjs.org/@webassemblyjs%2futf8 403ms (cache miss)
177 http fetch GET 200 https://registry.npmjs.org/@webassemblyjs%2fhelper-wasm-section 405ms (cache miss)
178 http fetch GET 200 https://registry.npmjs.org/caniuse-lite 413ms (cache miss)
179 http fetch GET 200 https://registry.npmjs.org/@webassemblyjs%2fhelper-wasm-bytecode 424ms (cache miss)
180 http fetch GET 200 https://registry.npmjs.org/esrecurse 418ms (cache miss)
181 http fetch GET 200 https://registry.npmjs.org/update-browserslist-db 428ms (cache miss)
182 http fetch GET 200 https://registry.npmjs.org/@webassemblyjs%2fwasm-opt 432ms (cache miss)
183 http fetch GET 200 https://registry.npmjs.org/@webassemblyjs%2fhelper-buffer 436ms (cache miss)
184 http fetch GET 200 https://registry.npmjs.org/node-releases 435ms (cache miss)
185 http fetch GET 200 https://registry.npmjs.org/estraverse 457ms (cache miss)
186 http fetch GET 200 https://registry.npmjs.org/mime-db 459ms (cache miss)
187 http fetch GET 200 https://registry.npmjs.org/@types%2fjson-schema 459ms (cache miss)
188 http fetch GET 200 https://registry.npmjs.org/serialize-javascript 504ms (cache miss)
189 http fetch GET 200 https://registry.npmjs.org/ajv-keywords 506ms (cache miss)
190 http fetch GET 200 https://registry.npmjs.org/@jridgewell%2ftrace-mapping 545ms (cache miss)
191 http fetch GET 200 https://registry.npmjs.org/ajv 637ms (cache miss)
192 http fetch GET 200 https://registry.npmjs.org/terser 644ms (cache miss)
193 http fetch GET 200 https://registry.npmjs.org/electron-to-chromium 909ms (cache miss)
194 http fetch GET 200 https://registry.npmjs.org/jest-worker 1010ms (cache miss)
195 timing idealTree:node_modules/webpack Completed in 1036ms
196 silly placeDep ROOT @types/eslint@8.21.1 OK for: @types/eslint-scope@3.7.4 want: *
197 silly fetch manifest @types/json-schema@*
198 timing idealTree:node_modules/@types/eslint-scope Completed in 1ms
199 silly placeDep ROOT @types/json-schema@7.0.11 OK for: @types/eslint@8.21.1 want: *
200 timing idealTree:node_modules/@types/eslint Completed in 1ms
201 timing idealTree:node_modules/@types/estree Completed in 0ms
202 timing idealTree:node_modules/@types/json-schema Completed in 0ms
203 silly placeDep ROOT @webassemblyjs/helper-numbers@1.11.1 OK for: @webassemblyjs/ast@1.11.1 want: 1.11.1
204 silly placeDep ROOT @webassemblyjs/helper-wasm-bytecode@1.11.1 OK for: @webassemblyjs/ast@1.11.1 want: 1.11.1
205 silly fetch manifest @webassemblyjs/floating-point-hex-parser@1.11.1
206 silly fetch manifest @xtuc/long@4.2.2
207 http fetch GET 200 https://registry.npmjs.org/@xtuc%2flong 89ms (cache miss)
208 http fetch GET 200 https://registry.npmjs.org/@webassemblyjs%2ffloating-point-hex-parser 261ms (cache miss)
209 timing idealTree:node_modules/@webassemblyjs/ast Completed in 264ms
210 silly placeDep ROOT @webassemblyjs/floating-point-hex-parser@1.11.1 OK for: @webassemblyjs/helper-numbers@1.11.1 want: 1.11.1
211 silly placeDep ROOT @webassemblyjs/helper-api-error@1.11.1 OK for: @webassemblyjs/helper-numbers@1.11.1 want: 1.11.1
212 silly placeDep ROOT @xtuc/long@4.2.2 OK for: @webassemblyjs/helper-numbers@1.11.1 want: 4.2.2
213 timing idealTree:node_modules/@webassemblyjs/helper-numbers Completed in 3ms
214 timing idealTree:node_modules/@webassemblyjs/floating-point-hex-parser Completed in 0ms
215 timing idealTree:node_modules/@webassemblyjs/helper-api-error Completed in 0ms
216 timing idealTree:node_modules/@webassemblyjs/helper-wasm-bytecode Completed in 0ms
217 silly placeDep ROOT @webassemblyjs/helper-buffer@1.11.1 OK for: @webassemblyjs/wasm-edit@1.11.1 want: 1.11.1
218 silly placeDep ROOT @webassemblyjs/helper-wasm-section@1.11.1 OK for: @webassemblyjs/wasm-edit@1.11.1 want: 1.11.1
219 silly placeDep ROOT @webassemblyjs/wasm-gen@1.11.1 OK for: @webassemblyjs/wasm-edit@1.11.1 want: 1.11.1
220 silly placeDep ROOT @webassemblyjs/wasm-opt@1.11.1 OK for: @webassemblyjs/wasm-edit@1.11.1 want: 1.11.1
221 silly placeDep ROOT @webassemblyjs/wast-printer@1.11.1 OK for: @webassemblyjs/wasm-edit@1.11.1 want: 1.11.1
222 timing idealTree:node_modules/@webassemblyjs/wasm-edit Completed in 4ms
223 timing idealTree:node_modules/@webassemblyjs/helper-buffer Completed in 0ms
224 timing idealTree:node_modules/@webassemblyjs/helper-wasm-section Completed in 0ms
225 silly placeDep ROOT @webassemblyjs/ieee754@1.11.1 OK for: @webassemblyjs/wasm-gen@1.11.1 want: 1.11.1
226 silly placeDep ROOT @webassemblyjs/leb128@1.11.1 OK for: @webassemblyjs/wasm-gen@1.11.1 want: 1.11.1
227 silly placeDep ROOT @webassemblyjs/utf8@1.11.1 OK for: @webassemblyjs/wasm-gen@1.11.1 want: 1.11.1
228 silly fetch manifest @xtuc/ieee754@^1.2.0
229 http fetch GET 200 https://registry.npmjs.org/@xtuc%2fieee754 97ms (cache miss)
230 timing idealTree:node_modules/@webassemblyjs/wasm-gen Completed in 99ms
231 silly placeDep ROOT @xtuc/ieee754@1.2.0 OK for: @webassemblyjs/ieee754@1.11.1 want: ^1.2.0
232 timing idealTree:node_modules/@webassemblyjs/ieee754 Completed in 1ms
233 timing idealTree:node_modules/@webassemblyjs/leb128 Completed in 0ms
234 timing idealTree:node_modules/@webassemblyjs/utf8 Completed in 0ms
235 timing idealTree:node_modules/@webassemblyjs/wasm-opt Completed in 0ms
236 timing idealTree:node_modules/@webassemblyjs/wasm-parser Completed in 0ms
237 timing idealTree:node_modules/@webassemblyjs/wast-printer Completed in 0ms
238 timing idealTree:node_modules/@xtuc/ieee754 Completed in 0ms
239 timing idealTree:node_modules/@xtuc/long Completed in 0ms
240 timing idealTree:node_modules/acorn Completed in 0ms
241 timing idealTree:node_modules/acorn-import-assertions Completed in 0ms
242 silly fetch manifest browserslist@>= 4.21.0
243 silly placeDep ROOT caniuse-lite@1.0.30001458 OK for: browserslist@4.21.5 want: ^1.0.30001449
244 silly placeDep ROOT electron-to-chromium@1.4.315 OK for: browserslist@4.21.5 want: ^1.4.284
245 silly placeDep ROOT node-releases@2.0.10 OK for: browserslist@4.21.5 want: ^2.0.8
246 silly placeDep ROOT update-browserslist-db@1.0.10 OK for: browserslist@4.21.5 want: ^1.0.10
247 silly fetch manifest escalade@^3.1.1
248 silly fetch manifest picocolors@^1.0.0
249 http fetch GET 200 https://registry.npmjs.org/picocolors 70ms (cache miss)
250 http fetch GET 200 https://registry.npmjs.org/escalade 85ms (cache miss)
251 timing idealTree:node_modules/browserslist Completed in 89ms
252 timing idealTree:node_modules/caniuse-lite Completed in 0ms
253 timing idealTree:node_modules/chrome-trace-event Completed in 0ms
254 timing idealTree:node_modules/electron-to-chromium Completed in 0ms
255 timing idealTree:node_modules/enhanced-resolve Completed in 0ms
256 timing idealTree:node_modules/es-module-lexer Completed in 0ms
257 silly placeDep ROOT esrecurse@4.3.0 OK for: eslint-scope@5.1.1 want: ^4.3.0
258 silly placeDep ROOT estraverse@4.3.0 OK for: eslint-scope@5.1.1 want: ^4.1.1
259 silly fetch manifest estraverse@^5.2.0
260 timing idealTree:node_modules/eslint-scope Completed in 2ms
261 silly placeDep node_modules/esrecurse estraverse@5.3.0 OK for: esrecurse@4.3.0 want: ^5.2.0
262 timing idealTree:node_modules/esrecurse Completed in 2ms
263 timing idealTree:node_modules/estraverse Completed in 0ms
264 timing idealTree:node_modules/events Completed in 0ms
265 timing idealTree:node_modules/glob-to-regexp Completed in 0ms
266 timing idealTree:node_modules/graceful-fs Completed in 0ms
267 timing idealTree:node_modules/json-parse-even-better-errors Completed in 0ms
268 timing idealTree:node_modules/loader-runner Completed in 0ms
269 silly placeDep ROOT mime-db@1.52.0 OK for: mime-types@2.1.35 want: 1.52.0
270 timing idealTree:node_modules/mime-types Completed in 1ms
271 timing idealTree:node_modules/mime-db Completed in 0ms
272 timing idealTree:node_modules/neo-async Completed in 0ms
273 timing idealTree:node_modules/node-releases Completed in 0ms
274 silly placeDep ROOT ajv@6.12.6 OK for: schema-utils@3.1.1 want: ^6.12.5
275 silly placeDep ROOT ajv-keywords@3.5.2 OK for: schema-utils@3.1.1 want: ^3.5.2
276 silly fetch manifest fast-deep-equal@^3.1.1
277 silly fetch manifest fast-json-stable-stringify@^2.0.0
278 silly fetch manifest json-schema-traverse@^0.4.1
279 silly fetch manifest uri-js@^4.2.2
280 http fetch GET 200 https://registry.npmjs.org/fast-json-stable-stringify 51ms (cache miss)
281 http fetch GET 200 https://registry.npmjs.org/json-schema-traverse 62ms (cache miss)
282 http fetch GET 200 https://registry.npmjs.org/uri-js 65ms (cache miss)
283 http fetch GET 200 https://registry.npmjs.org/fast-deep-equal 93ms (cache miss)
284 timing idealTree:node_modules/schema-utils Completed in 95ms
285 silly placeDep ROOT fast-deep-equal@3.1.3 OK for: ajv@6.12.6 want: ^3.1.1
286 silly placeDep ROOT fast-json-stable-stringify@2.1.0 OK for: ajv@6.12.6 want: ^2.0.0
287 silly placeDep ROOT json-schema-traverse@0.4.1 OK for: ajv@6.12.6 want: ^0.4.1
288 silly placeDep ROOT uri-js@4.4.1 OK for: ajv@6.12.6 want: ^4.2.2
289 silly fetch manifest punycode@^2.1.0
290 http fetch GET 200 https://registry.npmjs.org/punycode 104ms (cache miss)
291 timing idealTree:node_modules/ajv Completed in 107ms
292 timing idealTree:node_modules/ajv-keywords Completed in 0ms
293 timing idealTree:node_modules/fast-deep-equal Completed in 0ms
294 timing idealTree:node_modules/fast-json-stable-stringify Completed in 0ms
295 timing idealTree:node_modules/json-schema-traverse Completed in 0ms
296 timing idealTree:node_modules/tapable Completed in 0ms
297 silly placeDep ROOT @jridgewell/trace-mapping@0.3.17 OK for: terser-webpack-plugin@5.3.6 want: ^0.3.14
298 silly placeDep ROOT jest-worker@27.5.1 OK for: terser-webpack-plugin@5.3.6 want: ^27.4.5
299 silly placeDep ROOT serialize-javascript@6.0.1 OK for: terser-webpack-plugin@5.3.6 want: ^6.0.0
300 silly placeDep ROOT terser@5.16.5 OK for: terser-webpack-plugin@5.3.6 want: ^5.14.1
301 silly fetch manifest @jridgewell/resolve-uri@3.1.0
302 silly fetch manifest @jridgewell/sourcemap-codec@1.4.14
303 silly fetch manifest @types/node@*
304 silly fetch manifest merge-stream@^2.0.0
305 silly fetch manifest supports-color@^8.0.0
306 silly fetch manifest randombytes@^2.1.0
307 silly fetch manifest @jridgewell/source-map@^0.3.2
308 silly fetch manifest commander@^2.20.0
309 silly fetch manifest source-map-support@~0.5.20
310 http fetch GET 200 https://registry.npmjs.org/randombytes 66ms (cache miss)
311 http fetch GET 200 https://registry.npmjs.org/supports-color 75ms (cache miss)
312 http fetch GET 200 https://registry.npmjs.org/merge-stream 83ms (cache miss)
313 http fetch GET 200 https://registry.npmjs.org/@jridgewell%2fsource-map 93ms (cache miss)
314 http fetch GET 200 https://registry.npmjs.org/@jridgewell%2fsourcemap-codec 114ms (cache miss)
315 http fetch GET 200 https://registry.npmjs.org/source-map-support 128ms (cache miss)
316 http fetch GET 200 https://registry.npmjs.org/@jridgewell%2fresolve-uri 194ms (cache miss)
317 http fetch GET 200 https://registry.npmjs.org/@types%2fnode 529ms (cache miss)
318 timing idealTree:node_modules/terser-webpack-plugin Completed in 542ms
319 silly placeDep ROOT @jridgewell/resolve-uri@3.1.0 OK for: @jridgewell/trace-mapping@0.3.17 want: 3.1.0
320 silly placeDep ROOT @jridgewell/sourcemap-codec@1.4.14 OK for: @jridgewell/trace-mapping@0.3.17 want: 1.4.14
321 timing idealTree:node_modules/@jridgewell/trace-mapping Completed in 2ms
322 timing idealTree:node_modules/@jridgewell/resolve-uri Completed in 0ms
323 timing idealTree:node_modules/@jridgewell/sourcemap-codec Completed in 0ms
324 silly placeDep ROOT @types/node@18.14.4 OK for: jest-worker@27.5.1 want: *
325 silly placeDep ROOT merge-stream@2.0.0 OK for: jest-worker@27.5.1 want: ^2.0.0
326 silly placeDep ROOT supports-color@8.1.1 OK for: jest-worker@27.5.1 want: ^8.0.0
327 silly fetch manifest has-flag@^4.0.0
328 http fetch GET 200 https://registry.npmjs.org/has-flag 55ms (cache miss)
329 timing idealTree:node_modules/jest-worker Completed in 57ms
330 timing idealTree:node_modules/@types/node Completed in 0ms
331 timing idealTree:node_modules/merge-stream Completed in 0ms
332 silly placeDep ROOT randombytes@2.1.0 OK for: serialize-javascript@6.0.1 want: ^2.1.0
333 silly fetch manifest safe-buffer@^5.1.0
334 http fetch GET 200 https://registry.npmjs.org/safe-buffer 59ms (cache miss)
335 timing idealTree:node_modules/serialize-javascript Completed in 60ms
336 silly placeDep ROOT safe-buffer@5.2.1 OK for: randombytes@2.1.0 want: ^5.1.0
337 timing idealTree:node_modules/randombytes Completed in 1ms
338 timing idealTree:node_modules/safe-buffer Completed in 0ms
339 silly placeDep ROOT has-flag@4.0.0 OK for: supports-color@8.1.1 want: ^4.0.0
340 timing idealTree:node_modules/supports-color Completed in 1ms
341 timing idealTree:node_modules/has-flag Completed in 0ms
342 silly placeDep ROOT @jridgewell/source-map@0.3.2 OK for: terser@5.16.5 want: ^0.3.2
343 silly placeDep ROOT commander@2.20.3 OK for: terser@5.16.5 want: ^2.20.0
344 silly placeDep ROOT source-map-support@0.5.21 OK for: terser@5.16.5 want: ~0.5.20
345 silly fetch manifest @jridgewell/gen-mapping@^0.3.0
346 silly fetch manifest buffer-from@^1.0.0
347 silly fetch manifest source-map@^0.6.0
348 http fetch GET 200 https://registry.npmjs.org/buffer-from 66ms (cache miss)
349 http fetch GET 200 https://registry.npmjs.org/source-map 75ms (cache miss)
350 http fetch GET 200 https://registry.npmjs.org/@jridgewell%2fgen-mapping 93ms (cache miss)
351 timing idealTree:node_modules/terser Completed in 95ms
352 silly placeDep ROOT @jridgewell/gen-mapping@0.3.2 OK for: @jridgewell/source-map@0.3.2 want: ^0.3.0
353 silly fetch manifest @jridgewell/set-array@^1.0.1
354 http fetch GET 200 https://registry.npmjs.org/@jridgewell%2fset-array 81ms (cache miss)
355 timing idealTree:node_modules/@jridgewell/source-map Completed in 83ms
356 silly placeDep ROOT @jridgewell/set-array@1.1.2 OK for: @jridgewell/gen-mapping@0.3.2 want: ^1.0.1
357 timing idealTree:node_modules/@jridgewell/gen-mapping Completed in 1ms
358 timing idealTree:node_modules/@jridgewell/set-array Completed in 0ms
359 timing idealTree:node_modules/commander Completed in 0ms
360 silly placeDep ROOT buffer-from@1.1.2 OK for: source-map-support@0.5.21 want: ^1.0.0
361 silly placeDep ROOT source-map@0.6.1 OK for: source-map-support@0.5.21 want: ^0.6.0
362 timing idealTree:node_modules/source-map-support Completed in 1ms
363 timing idealTree:node_modules/buffer-from Completed in 0ms
364 timing idealTree:node_modules/source-map Completed in 0ms
365 silly placeDep ROOT escalade@3.1.1 OK for: update-browserslist-db@1.0.10 want: ^3.1.1
366 silly placeDep ROOT picocolors@1.0.0 OK for: update-browserslist-db@1.0.10 want: ^1.0.0
367 timing idealTree:node_modules/update-browserslist-db Completed in 0ms
368 timing idealTree:node_modules/escalade Completed in 0ms
369 timing idealTree:node_modules/picocolors Completed in 0ms
370 silly placeDep ROOT punycode@2.3.0 OK for: uri-js@4.4.1 want: ^2.1.0
371 timing idealTree:node_modules/uri-js Completed in 1ms
372 timing idealTree:node_modules/punycode Completed in 0ms
373 timing idealTree:node_modules/watchpack Completed in 0ms
374 silly fetch manifest webpack-cli@4.x.x
375 silly placeDep ROOT @discoveryjs/json-ext@0.5.7 OK for: webpack-cli@4.10.0 want: ^0.5.0
376 silly placeDep ROOT @webpack-cli/configtest@1.2.0 OK for: webpack-cli@4.10.0 want: ^1.2.0
377 silly placeDep ROOT @webpack-cli/info@1.5.0 OK for: webpack-cli@4.10.0 want: ^1.5.0
378 silly placeDep ROOT @webpack-cli/serve@1.7.0 OK for: webpack-cli@4.10.0 want: ^1.7.0
379 silly placeDep ROOT colorette@2.0.19 OK for: webpack-cli@4.10.0 want: ^2.0.14
380 silly placeDep node_modules/webpack-cli commander@7.2.0 OK for: webpack-cli@4.10.0 want: ^7.0.0
381 silly placeDep ROOT cross-spawn@7.0.3 OK for: webpack-cli@4.10.0 want: ^7.0.3
382 silly placeDep ROOT fastest-levenshtein@1.0.16 OK for: webpack-cli@4.10.0 want: ^1.0.12
383 silly placeDep ROOT import-local@3.1.0 OK for: webpack-cli@4.10.0 want: ^3.0.2
384 silly placeDep ROOT interpret@2.2.0 OK for: webpack-cli@4.10.0 want: ^2.2.0
385 silly placeDep ROOT rechoir@0.7.1 OK for: webpack-cli@4.10.0 want: ^0.7.0
386 silly placeDep ROOT webpack-merge@5.8.0 OK for: webpack-cli@4.10.0 want: ^5.7.3
387 silly fetch manifest envinfo@^7.7.3
388 silly fetch manifest path-key@^3.1.0
389 silly fetch manifest shebang-command@^2.0.0
390 silly fetch manifest which@^2.0.1
391 silly fetch manifest pkg-dir@^4.2.0
392 silly fetch manifest resolve-cwd@^3.0.0
393 silly fetch manifest resolve@^1.9.0
394 silly fetch manifest clone-deep@^4.0.1
395 silly fetch manifest wildcard@^2.0.0
396 http fetch GET 200 https://registry.npmjs.org/which 60ms (cache miss)
397 http fetch GET 200 https://registry.npmjs.org/pkg-dir 62ms (cache miss)
398 http fetch GET 200 https://registry.npmjs.org/path-key 67ms (cache miss)
399 http fetch GET 200 https://registry.npmjs.org/shebang-command 71ms (cache miss)
400 http fetch GET 200 https://registry.npmjs.org/wildcard 74ms (cache miss)
401 http fetch GET 200 https://registry.npmjs.org/envinfo 86ms (cache miss)
402 http fetch GET 200 https://registry.npmjs.org/clone-deep 83ms (cache miss)
403 http fetch GET 200 https://registry.npmjs.org/resolve-cwd 94ms (cache miss)
404 http fetch GET 200 https://registry.npmjs.org/resolve 105ms (cache miss)
405 timing idealTree:node_modules/webpack-cli Completed in 115ms
406 timing idealTree:node_modules/@discoveryjs/json-ext Completed in 0ms
407 timing idealTree:node_modules/@webpack-cli/configtest Completed in 0ms
408 silly placeDep ROOT envinfo@7.8.1 OK for: @webpack-cli/info@1.5.0 want: ^7.7.3
409 timing idealTree:node_modules/@webpack-cli/info Completed in 1ms
410 timing idealTree:node_modules/@webpack-cli/serve Completed in 0ms
411 timing idealTree:node_modules/colorette Completed in 0ms
412 silly placeDep ROOT path-key@3.1.1 OK for: cross-spawn@7.0.3 want: ^3.1.0
413 silly placeDep ROOT shebang-command@2.0.0 OK for: cross-spawn@7.0.3 want: ^2.0.0
414 silly placeDep ROOT which@2.0.2 OK for: cross-spawn@7.0.3 want: ^2.0.1
415 silly fetch manifest shebang-regex@^3.0.0
416 silly fetch manifest isexe@^2.0.0
417 http fetch GET 200 https://registry.npmjs.org/isexe 56ms (cache miss)
418 http fetch GET 200 https://registry.npmjs.org/shebang-regex 56ms (cache miss)
419 timing idealTree:node_modules/cross-spawn Completed in 57ms
420 timing idealTree:node_modules/envinfo Completed in 0ms
421 timing idealTree:node_modules/fastest-levenshtein Completed in 0ms
422 silly placeDep ROOT pkg-dir@4.2.0 OK for: import-local@3.1.0 want: ^4.2.0
423 silly placeDep ROOT resolve-cwd@3.0.0 OK for: import-local@3.1.0 want: ^3.0.0
424 silly fetch manifest find-up@^4.0.0
425 silly fetch manifest resolve-from@^5.0.0
426 http fetch GET 200 https://registry.npmjs.org/find-up 61ms (cache miss)
427 http fetch GET 200 https://registry.npmjs.org/resolve-from 95ms (cache miss)
428 timing idealTree:node_modules/import-local Completed in 97ms
429 timing idealTree:node_modules/interpret Completed in 0ms
430 timing idealTree:node_modules/path-key Completed in 0ms
431 silly placeDep ROOT find-up@4.1.0 OK for: pkg-dir@4.2.0 want: ^4.0.0
432 silly fetch manifest locate-path@^5.0.0
433 silly fetch manifest path-exists@^4.0.0
434 http fetch GET 200 https://registry.npmjs.org/path-exists 63ms (cache miss)
435 http fetch GET 200 https://registry.npmjs.org/locate-path 67ms (cache miss)
436 timing idealTree:node_modules/pkg-dir Completed in 69ms
437 silly placeDep ROOT locate-path@5.0.0 OK for: find-up@4.1.0 want: ^5.0.0
438 silly placeDep ROOT path-exists@4.0.0 OK for: find-up@4.1.0 want: ^4.0.0
439 silly fetch manifest p-locate@^4.1.0
440 http fetch GET 200 https://registry.npmjs.org/p-locate 53ms (cache miss)
441 timing idealTree:node_modules/find-up Completed in 55ms
442 silly placeDep ROOT p-locate@4.1.0 OK for: locate-path@5.0.0 want: ^4.1.0
443 silly fetch manifest p-limit@^2.2.0
444 http fetch GET 200 https://registry.npmjs.org/p-limit 61ms (cache miss)
445 timing idealTree:node_modules/locate-path Completed in 62ms
446 silly placeDep ROOT p-limit@2.3.0 OK for: p-locate@4.1.0 want: ^2.2.0
447 silly fetch manifest p-try@^2.0.0
448 http fetch GET 200 https://registry.npmjs.org/p-try 70ms (cache miss)
449 timing idealTree:node_modules/p-locate Completed in 71ms
450 silly placeDep ROOT p-try@2.2.0 OK for: p-limit@2.3.0 want: ^2.0.0
451 timing idealTree:node_modules/p-limit Completed in 1ms
452 timing idealTree:node_modules/p-try Completed in 0ms
453 timing idealTree:node_modules/path-exists Completed in 0ms
454 silly placeDep ROOT resolve@1.22.1 OK for: rechoir@0.7.1 want: ^1.9.0
455 silly fetch manifest is-core-module@^2.9.0
456 silly fetch manifest path-parse@^1.0.7
457 silly fetch manifest supports-preserve-symlinks-flag@^1.0.0
458 http fetch GET 200 https://registry.npmjs.org/supports-preserve-symlinks-flag 66ms (cache miss)
459 http fetch GET 200 https://registry.npmjs.org/is-core-module 75ms (cache miss)
460 http fetch GET 200 https://registry.npmjs.org/path-parse 80ms (cache miss)
461 timing idealTree:node_modules/rechoir Completed in 82ms
462 silly placeDep ROOT is-core-module@2.11.0 OK for: resolve@1.22.1 want: ^2.9.0
463 silly placeDep ROOT path-parse@1.0.7 OK for: resolve@1.22.1 want: ^1.0.7
464 silly placeDep ROOT supports-preserve-symlinks-flag@1.0.0 OK for: resolve@1.22.1 want: ^1.0.0
465 silly fetch manifest has@^1.0.3
466 http fetch GET 200 https://registry.npmjs.org/has 75ms (cache miss)
467 timing idealTree:node_modules/resolve Completed in 76ms
468 silly placeDep ROOT has@1.0.3 OK for: is-core-module@2.11.0 want: ^1.0.3
469 silly fetch manifest function-bind@^1.1.1
470 http fetch GET 200 https://registry.npmjs.org/function-bind 161ms (cache miss)
471 timing idealTree:node_modules/is-core-module Completed in 162ms
472 silly placeDep ROOT function-bind@1.1.1 OK for: has@1.0.3 want: ^1.1.1
473 timing idealTree:node_modules/has Completed in 1ms
474 timing idealTree:node_modules/function-bind Completed in 0ms
475 timing idealTree:node_modules/path-parse Completed in 0ms
476 silly placeDep ROOT resolve-from@5.0.0 OK for: resolve-cwd@3.0.0 want: ^5.0.0
477 timing idealTree:node_modules/resolve-cwd Completed in 1ms
478 timing idealTree:node_modules/resolve-from Completed in 0ms
479 silly placeDep ROOT shebang-regex@3.0.0 OK for: shebang-command@2.0.0 want: ^3.0.0
480 timing idealTree:node_modules/shebang-command Completed in 0ms
481 timing idealTree:node_modules/shebang-regex Completed in 0ms
482 timing idealTree:node_modules/supports-preserve-symlinks-flag Completed in 0ms
483 silly placeDep ROOT clone-deep@4.0.1 OK for: webpack-merge@5.8.0 want: ^4.0.1
484 silly placeDep ROOT wildcard@2.0.0 OK for: webpack-merge@5.8.0 want: ^2.0.0
485 silly fetch manifest is-plain-object@^2.0.4
486 silly fetch manifest kind-of@^6.0.2
487 silly fetch manifest shallow-clone@^3.0.0
488 http fetch GET 200 https://registry.npmjs.org/kind-of 67ms (cache miss)
489 http fetch GET 200 https://registry.npmjs.org/is-plain-object 69ms (cache miss)
490 http fetch GET 200 https://registry.npmjs.org/shallow-clone 124ms (cache miss)
491 timing idealTree:node_modules/webpack-merge Completed in 127ms
492 silly placeDep ROOT is-plain-object@2.0.4 OK for: clone-deep@4.0.1 want: ^2.0.4
493 silly placeDep ROOT kind-of@6.0.3 OK for: clone-deep@4.0.1 want: ^6.0.2
494 silly placeDep ROOT shallow-clone@3.0.1 OK for: clone-deep@4.0.1 want: ^3.0.0
495 silly fetch manifest isobject@^3.0.1
496 http fetch GET 200 https://registry.npmjs.org/isobject 61ms (cache miss)
497 timing idealTree:node_modules/clone-deep Completed in 63ms
498 silly placeDep ROOT isobject@3.0.1 OK for: is-plain-object@2.0.4 want: ^3.0.1
499 timing idealTree:node_modules/is-plain-object Completed in 1ms
500 timing idealTree:node_modules/isobject Completed in 0ms
501 timing idealTree:node_modules/kind-of Completed in 0ms
502 timing idealTree:node_modules/shallow-clone Completed in 0ms
503 timing idealTree:node_modules/webpack-sources Completed in 0ms
504 silly placeDep ROOT isexe@2.0.0 OK for: which@2.0.2 want: ^2.0.0
505 timing idealTree:node_modules/which Completed in 0ms
506 timing idealTree:node_modules/isexe Completed in 0ms
507 timing idealTree:node_modules/wildcard Completed in 0ms
508 timing idealTree:node_modules/esrecurse/node_modules/estraverse Completed in 0ms
509 timing idealTree:node_modules/webpack-cli/node_modules/commander Completed in 0ms
510 timing idealTree:buildDeps Completed in 5078ms
511 timing idealTree:fixDepFlags Completed in 1ms
512 timing idealTree Completed in 5085ms
513 timing reify:loadTrees Completed in 5085ms
514 timing reify:diffTrees Completed in 2ms
515 silly reify moves {}
516 timing reify:retireShallow Completed in 1ms
517 timing reify:createSparse Completed in 5ms
518 timing reify:loadBundles Completed in 0ms
519 silly audit bulk request {
519 silly audit   'axum-live-view': [ '0.1.0' ],
519 silly audit   'webpack-cli': [ '4.10.0' ],
519 silly audit   webpack: [ '5.75.0' ],
519 silly audit   '@types/eslint-scope': [ '3.7.4' ],
519 silly audit   '@types/estree': [ '0.0.51' ],
519 silly audit   '@webassemblyjs/ast': [ '1.11.1' ],
519 silly audit   '@webassemblyjs/wasm-edit': [ '1.11.1' ],
519 silly audit   '@webassemblyjs/wasm-parser': [ '1.11.1' ],
519 silly audit   acorn: [ '8.8.2' ],
519 silly audit   'acorn-import-assertions': [ '1.8.0' ],
519 silly audit   browserslist: [ '4.21.5' ],
519 silly audit   'chrome-trace-event': [ '1.0.3' ],
519 silly audit   'enhanced-resolve': [ '5.12.0' ],
519 silly audit   'es-module-lexer': [ '0.9.3' ],
519 silly audit   'eslint-scope': [ '5.1.1' ],
519 silly audit   events: [ '3.3.0' ],
519 silly audit   'glob-to-regexp': [ '0.4.1' ],
519 silly audit   'graceful-fs': [ '4.2.10' ],
519 silly audit   'json-parse-even-better-errors': [ '2.3.1' ],
519 silly audit   'loader-runner': [ '4.3.0' ],
519 silly audit   'mime-types': [ '2.1.35' ],
519 silly audit   'neo-async': [ '2.6.2' ],
519 silly audit   'schema-utils': [ '3.1.1' ],
519 silly audit   tapable: [ '2.2.1' ],
519 silly audit   'terser-webpack-plugin': [ '5.3.6' ],
519 silly audit   watchpack: [ '2.4.0' ],
519 silly audit   'webpack-sources': [ '3.2.3' ],
519 silly audit   '@types/eslint': [ '8.21.1' ],
519 silly audit   '@types/json-schema': [ '7.0.11' ],
519 silly audit   '@webassemblyjs/helper-numbers': [ '1.11.1' ],
519 silly audit   '@webassemblyjs/helper-wasm-bytecode': [ '1.11.1' ],
519 silly audit   '@webassemblyjs/floating-point-hex-parser': [ '1.11.1' ],
519 silly audit   '@webassemblyjs/helper-api-error': [ '1.11.1' ],
519 silly audit   '@xtuc/long': [ '4.2.2' ],
519 silly audit   '@webassemblyjs/helper-buffer': [ '1.11.1' ],
519 silly audit   '@webassemblyjs/helper-wasm-section': [ '1.11.1' ],
519 silly audit   '@webassemblyjs/wasm-gen': [ '1.11.1' ],
519 silly audit   '@webassemblyjs/wasm-opt': [ '1.11.1' ],
519 silly audit   '@webassemblyjs/wast-printer': [ '1.11.1' ],
519 silly audit   '@webassemblyjs/ieee754': [ '1.11.1' ],
519 silly audit   '@webassemblyjs/leb128': [ '1.11.1' ],
519 silly audit   '@webassemblyjs/utf8': [ '1.11.1' ],
519 silly audit   '@xtuc/ieee754': [ '1.2.0' ],
519 silly audit   'caniuse-lite': [ '1.0.30001458' ],
519 silly audit   'electron-to-chromium': [ '1.4.315' ],
519 silly audit   'node-releases': [ '2.0.10' ],
519 silly audit   'update-browserslist-db': [ '1.0.10' ],
519 silly audit   esrecurse: [ '4.3.0' ],
519 silly audit   estraverse: [ '4.3.0', '5.3.0' ],
519 silly audit   'mime-db': [ '1.52.0' ],
519 silly audit   ajv: [ '6.12.6' ],
519 silly audit   'ajv-keywords': [ '3.5.2' ],
519 silly audit   'fast-deep-equal': [ '3.1.3' ],
519 silly audit   'fast-json-stable-stringify': [ '2.1.0' ],
519 silly audit   'json-schema-traverse': [ '0.4.1' ],
519 silly audit   'uri-js': [ '4.4.1' ],
519 silly audit   '@jridgewell/trace-mapping': [ '0.3.17' ],
519 silly audit   'jest-worker': [ '27.5.1' ],
519 silly audit   'serialize-javascript': [ '6.0.1' ],
519 silly audit   terser: [ '5.16.5' ],
519 silly audit   '@jridgewell/resolve-uri': [ '3.1.0' ],
519 silly audit   '@jridgewell/sourcemap-codec': [ '1.4.14' ],
519 silly audit   '@types/node': [ '18.14.4' ],
519 silly audit   'merge-stream': [ '2.0.0' ],
519 silly audit   'supports-color': [ '8.1.1' ],
519 silly audit   randombytes: [ '2.1.0' ],
519 silly audit   'safe-buffer': [ '5.2.1' ],
519 silly audit   'has-flag': [ '4.0.0' ],
519 silly audit   '@jridgewell/source-map': [ '0.3.2' ],
519 silly audit   commander: [ '2.20.3', '7.2.0' ],
519 silly audit   'source-map-support': [ '0.5.21' ],
519 silly audit   '@jridgewell/gen-mapping': [ '0.3.2' ],
519 silly audit   '@jridgewell/set-array': [ '1.1.2' ],
519 silly audit   'buffer-from': [ '1.1.2' ],
519 silly audit   'source-map': [ '0.6.1' ],
519 silly audit   escalade: [ '3.1.1' ],
519 silly audit   picocolors: [ '1.0.0' ],
519 silly audit   punycode: [ '2.3.0' ],
519 silly audit   '@discoveryjs/json-ext': [ '0.5.7' ],
519 silly audit   '@webpack-cli/configtest': [ '1.2.0' ],
519 silly audit   '@webpack-cli/info': [ '1.5.0' ],
519 silly audit   '@webpack-cli/serve': [ '1.7.0' ],
519 silly audit   colorette: [ '2.0.19' ],
519 silly audit   'cross-spawn': [ '7.0.3' ],
519 silly audit   'fastest-levenshtein': [ '1.0.16' ],
519 silly audit   'import-local': [ '3.1.0' ],
519 silly audit   interpret: [ '2.2.0' ],
519 silly audit   rechoir: [ '0.7.1' ],
519 silly audit   'webpack-merge': [ '5.8.0' ],
519 silly audit   envinfo: [ '7.8.1' ],
519 silly audit   'path-key': [ '3.1.1' ],
519 silly audit   'shebang-command': [ '2.0.0' ],
519 silly audit   which: [ '2.0.2' ],
519 silly audit   'pkg-dir': [ '4.2.0' ],
519 silly audit   'resolve-cwd': [ '3.0.0' ],
519 silly audit   'find-up': [ '4.1.0' ],
519 silly audit   'locate-path': [ '5.0.0' ],
519 silly audit   'path-exists': [ '4.0.0' ],
519 silly audit   'p-locate': [ '4.1.0' ],
519 silly audit   'p-limit': [ '2.3.0' ],
519 silly audit   'p-try': [ '2.2.0' ],
519 silly audit   resolve: [ '1.22.1' ],
519 silly audit   'is-core-module': [ '2.11.0' ],
519 silly audit   'path-parse': [ '1.0.7' ],
519 silly audit   'supports-preserve-symlinks-flag': [ '1.0.0' ],
519 silly audit   has: [ '1.0.3' ],
519 silly audit   'function-bind': [ '1.1.1' ],
519 silly audit   'resolve-from': [ '5.0.0' ],
519 silly audit   'shebang-regex': [ '3.0.0' ],
519 silly audit   'clone-deep': [ '4.0.1' ],
519 silly audit   wildcard: [ '2.0.0' ],
519 silly audit   'is-plain-object': [ '2.0.4' ],
519 silly audit   'kind-of': [ '6.0.3' ],
519 silly audit   'shallow-clone': [ '3.0.1' ],
519 silly audit   isobject: [ '3.0.1' ],
519 silly audit   isexe: [ '2.0.0' ]
519 silly audit }
520 timing reifyNode:node_modules/axum-live-view Completed in 14ms
521 silly tarball no local data for isexe@https://registry.npmjs.org/isexe/-/isexe-2.0.0.tgz. Extracting by manifest.
522 silly tarball no local data for kind-of@https://registry.npmjs.org/kind-of/-/kind-of-6.0.3.tgz. Extracting by manifest.
523 silly tarball no local data for is-plain-object@https://registry.npmjs.org/is-plain-object/-/is-plain-object-2.0.4.tgz. Extracting by manifest.
524 silly tarball no local data for shallow-clone@https://registry.npmjs.org/shallow-clone/-/shallow-clone-3.0.1.tgz. Extracting by manifest.
525 silly tarball no local data for clone-deep@https://registry.npmjs.org/clone-deep/-/clone-deep-4.0.1.tgz. Extracting by manifest.
526 silly tarball no local data for wildcard@https://registry.npmjs.org/wildcard/-/wildcard-2.0.0.tgz. Extracting by manifest.
527 silly tarball no local data for shebang-regex@https://registry.npmjs.org/shebang-regex/-/shebang-regex-3.0.0.tgz. Extracting by manifest.
528 silly tarball no local data for isobject@https://registry.npmjs.org/isobject/-/isobject-3.0.1.tgz. Extracting by manifest.
529 silly tarball no local data for function-bind@https://registry.npmjs.org/function-bind/-/function-bind-1.1.1.tgz. Extracting by manifest.
530 silly tarball no local data for resolve-from@https://registry.npmjs.org/resolve-from/-/resolve-from-5.0.0.tgz. Extracting by manifest.
531 silly tarball no local data for is-core-module@https://registry.npmjs.org/is-core-module/-/is-core-module-2.11.0.tgz. Extracting by manifest.
532 silly tarball no local data for supports-preserve-symlinks-flag@https://registry.npmjs.org/supports-preserve-symlinks-flag/-/supports-preserve-symlinks-flag-1.0.0.tgz. Extracting by manifest.
533 silly tarball no local data for resolve@https://registry.npmjs.org/resolve/-/resolve-1.22.1.tgz. Extracting by manifest.
534 silly tarball no local data for has@https://registry.npmjs.org/has/-/has-1.0.3.tgz. Extracting by manifest.
535 silly tarball no local data for p-try@https://registry.npmjs.org/p-try/-/p-try-2.2.0.tgz. Extracting by manifest.
536 silly tarball no local data for p-limit@https://registry.npmjs.org/p-limit/-/p-limit-2.3.0.tgz. Extracting by manifest.
537 silly tarball no local data for path-exists@https://registry.npmjs.org/path-exists/-/path-exists-4.0.0.tgz. Extracting by manifest.
538 silly tarball no local data for locate-path@https://registry.npmjs.org/locate-path/-/locate-path-5.0.0.tgz. Extracting by manifest.
539 silly tarball no local data for p-locate@https://registry.npmjs.org/p-locate/-/p-locate-4.1.0.tgz. Extracting by manifest.
540 silly tarball no local data for find-up@https://registry.npmjs.org/find-up/-/find-up-4.1.0.tgz. Extracting by manifest.
541 silly tarball no local data for resolve-cwd@https://registry.npmjs.org/resolve-cwd/-/resolve-cwd-3.0.0.tgz. Extracting by manifest.
542 silly tarball no local data for path-parse@https://registry.npmjs.org/path-parse/-/path-parse-1.0.7.tgz. Extracting by manifest.
543 silly tarball no local data for path-key@https://registry.npmjs.org/path-key/-/path-key-3.1.1.tgz. Extracting by manifest.
544 silly tarball no local data for which@https://registry.npmjs.org/which/-/which-2.0.2.tgz. Extracting by manifest.
545 silly tarball no local data for shebang-command@https://registry.npmjs.org/shebang-command/-/shebang-command-2.0.0.tgz. Extracting by manifest.
546 silly tarball no local data for envinfo@https://registry.npmjs.org/envinfo/-/envinfo-7.8.1.tgz. Extracting by manifest.
547 silly tarball no local data for pkg-dir@https://registry.npmjs.org/pkg-dir/-/pkg-dir-4.2.0.tgz. Extracting by manifest.
548 silly tarball no local data for import-local@https://registry.npmjs.org/import-local/-/import-local-3.1.0.tgz. Extracting by manifest.
549 silly tarball no local data for rechoir@https://registry.npmjs.org/rechoir/-/rechoir-0.7.1.tgz. Extracting by manifest.
550 silly tarball no local data for webpack-merge@https://registry.npmjs.org/webpack-merge/-/webpack-merge-5.8.0.tgz. Extracting by manifest.
551 silly tarball no local data for cross-spawn@https://registry.npmjs.org/cross-spawn/-/cross-spawn-7.0.3.tgz. Extracting by manifest.
552 silly tarball no local data for interpret@https://registry.npmjs.org/interpret/-/interpret-2.2.0.tgz. Extracting by manifest.
553 silly tarball no local data for fastest-levenshtein@https://registry.npmjs.org/fastest-levenshtein/-/fastest-levenshtein-1.0.16.tgz. Extracting by manifest.
554 silly tarball no local data for colorette@https://registry.npmjs.org/colorette/-/colorette-2.0.19.tgz. Extracting by manifest.
555 silly tarball no local data for @webpack-cli/info@https://registry.npmjs.org/@webpack-cli/info/-/info-1.5.0.tgz. Extracting by manifest.
556 silly tarball no local data for @webpack-cli/configtest@https://registry.npmjs.org/@webpack-cli/configtest/-/configtest-1.2.0.tgz. Extracting by manifest.
557 silly tarball no local data for punycode@https://registry.npmjs.org/punycode/-/punycode-2.3.0.tgz. Extracting by manifest.
558 silly tarball no local data for @webpack-cli/serve@https://registry.npmjs.org/@webpack-cli/serve/-/serve-1.7.0.tgz. Extracting by manifest.
559 silly tarball no local data for picocolors@https://registry.npmjs.org/picocolors/-/picocolors-1.0.0.tgz. Extracting by manifest.
560 silly tarball no local data for escalade@https://registry.npmjs.org/escalade/-/escalade-3.1.1.tgz. Extracting by manifest.
561 silly tarball no local data for source-map@https://registry.npmjs.org/source-map/-/source-map-0.6.1.tgz. Extracting by manifest.
562 silly tarball no local data for @discoveryjs/json-ext@https://registry.npmjs.org/@discoveryjs/json-ext/-/json-ext-0.5.7.tgz. Extracting by manifest.
563 silly tarball no local data for buffer-from@https://registry.npmjs.org/buffer-from/-/buffer-from-1.1.2.tgz. Extracting by manifest.
564 silly tarball no local data for @jridgewell/gen-mapping@https://registry.npmjs.org/@jridgewell/gen-mapping/-/gen-mapping-0.3.2.tgz. Extracting by manifest.
565 silly tarball no local data for commander@https://registry.npmjs.org/commander/-/commander-2.20.3.tgz. Extracting by manifest.
566 silly tarball no local data for source-map-support@https://registry.npmjs.org/source-map-support/-/source-map-support-0.5.21.tgz. Extracting by manifest.
567 silly tarball no local data for @jridgewell/set-array@https://registry.npmjs.org/@jridgewell/set-array/-/set-array-1.1.2.tgz. Extracting by manifest.
568 silly tarball no local data for @jridgewell/source-map@https://registry.npmjs.org/@jridgewell/source-map/-/source-map-0.3.2.tgz. Extracting by manifest.
569 silly tarball no local data for has-flag@https://registry.npmjs.org/has-flag/-/has-flag-4.0.0.tgz. Extracting by manifest.
570 silly tarball no local data for safe-buffer@https://registry.npmjs.org/safe-buffer/-/safe-buffer-5.2.1.tgz. Extracting by manifest.
571 silly tarball no local data for randombytes@https://registry.npmjs.org/randombytes/-/randombytes-2.1.0.tgz. Extracting by manifest.
572 silly tarball no local data for @types/node@https://registry.npmjs.org/@types/node/-/node-18.14.4.tgz. Extracting by manifest.
573 silly tarball no local data for merge-stream@https://registry.npmjs.org/merge-stream/-/merge-stream-2.0.0.tgz. Extracting by manifest.
574 silly tarball no local data for supports-color@https://registry.npmjs.org/supports-color/-/supports-color-8.1.1.tgz. Extracting by manifest.
575 silly tarball no local data for @jridgewell/resolve-uri@https://registry.npmjs.org/@jridgewell/resolve-uri/-/resolve-uri-3.1.0.tgz. Extracting by manifest.
576 silly tarball no local data for terser@https://registry.npmjs.org/terser/-/terser-5.16.5.tgz. Extracting by manifest.
577 silly tarball no local data for serialize-javascript@https://registry.npmjs.org/serialize-javascript/-/serialize-javascript-6.0.1.tgz. Extracting by manifest.
578 silly tarball no local data for @jridgewell/sourcemap-codec@https://registry.npmjs.org/@jridgewell/sourcemap-codec/-/sourcemap-codec-1.4.14.tgz. Extracting by manifest.
579 silly tarball no local data for json-schema-traverse@https://registry.npmjs.org/json-schema-traverse/-/json-schema-traverse-0.4.1.tgz. Extracting by manifest.
580 silly tarball no local data for jest-worker@https://registry.npmjs.org/jest-worker/-/jest-worker-27.5.1.tgz. Extracting by manifest.
581 silly tarball no local data for uri-js@https://registry.npmjs.org/uri-js/-/uri-js-4.4.1.tgz. Extracting by manifest.
582 silly tarball no local data for ajv-keywords@https://registry.npmjs.org/ajv-keywords/-/ajv-keywords-3.5.2.tgz. Extracting by manifest.
583 silly tarball no local data for @jridgewell/trace-mapping@https://registry.npmjs.org/@jridgewell/trace-mapping/-/trace-mapping-0.3.17.tgz. Extracting by manifest.
584 silly tarball no local data for fast-json-stable-stringify@https://registry.npmjs.org/fast-json-stable-stringify/-/fast-json-stable-stringify-2.1.0.tgz. Extracting by manifest.
585 silly tarball no local data for fast-deep-equal@https://registry.npmjs.org/fast-deep-equal/-/fast-deep-equal-3.1.3.tgz. Extracting by manifest.
586 silly tarball no local data for mime-db@https://registry.npmjs.org/mime-db/-/mime-db-1.52.0.tgz. Extracting by manifest.
587 silly tarball no local data for ajv@https://registry.npmjs.org/ajv/-/ajv-6.12.6.tgz. Extracting by manifest.
588 silly tarball no local data for update-browserslist-db@https://registry.npmjs.org/update-browserslist-db/-/update-browserslist-db-1.0.10.tgz. Extracting by manifest.
589 silly tarball no local data for estraverse@https://registry.npmjs.org/estraverse/-/estraverse-4.3.0.tgz. Extracting by manifest.
590 silly tarball no local data for esrecurse@https://registry.npmjs.org/esrecurse/-/esrecurse-4.3.0.tgz. Extracting by manifest.
591 silly tarball no local data for caniuse-lite@https://registry.npmjs.org/caniuse-lite/-/caniuse-lite-1.0.30001458.tgz. Extracting by manifest.
592 silly tarball no local data for node-releases@https://registry.npmjs.org/node-releases/-/node-releases-2.0.10.tgz. Extracting by manifest.
593 silly tarball no local data for @xtuc/ieee754@https://registry.npmjs.org/@xtuc/ieee754/-/ieee754-1.2.0.tgz. Extracting by manifest.
594 silly tarball no local data for electron-to-chromium@https://registry.npmjs.org/electron-to-chromium/-/electron-to-chromium-1.4.315.tgz. Extracting by manifest.
595 silly tarball no local data for @webassemblyjs/ieee754@https://registry.npmjs.org/@webassemblyjs/ieee754/-/ieee754-1.11.1.tgz. Extracting by manifest.
596 silly tarball no local data for @webassemblyjs/leb128@https://registry.npmjs.org/@webassemblyjs/leb128/-/leb128-1.11.1.tgz. Extracting by manifest.
597 silly tarball no local data for @webassemblyjs/wasm-opt@https://registry.npmjs.org/@webassemblyjs/wasm-opt/-/wasm-opt-1.11.1.tgz. Extracting by manifest.
598 silly tarball no local data for @webassemblyjs/wast-printer@https://registry.npmjs.org/@webassemblyjs/wast-printer/-/wast-printer-1.11.1.tgz. Extracting by manifest.
599 silly tarball no local data for @webassemblyjs/helper-wasm-section@https://registry.npmjs.org/@webassemblyjs/helper-wasm-section/-/helper-wasm-section-1.11.1.tgz. Extracting by manifest.
600 silly tarball no local data for @webassemblyjs/utf8@https://registry.npmjs.org/@webassemblyjs/utf8/-/utf8-1.11.1.tgz. Extracting by manifest.
601 silly tarball no local data for @webassemblyjs/wasm-gen@https://registry.npmjs.org/@webassemblyjs/wasm-gen/-/wasm-gen-1.11.1.tgz. Extracting by manifest.
602 silly tarball no local data for @xtuc/long@https://registry.npmjs.org/@xtuc/long/-/long-4.2.2.tgz. Extracting by manifest.
603 silly tarball no local data for @webassemblyjs/helper-buffer@https://registry.npmjs.org/@webassemblyjs/helper-buffer/-/helper-buffer-1.11.1.tgz. Extracting by manifest.
604 silly tarball no local data for @webassemblyjs/helper-api-error@https://registry.npmjs.org/@webassemblyjs/helper-api-error/-/helper-api-error-1.11.1.tgz. Extracting by manifest.
605 silly tarball no local data for @webassemblyjs/helper-wasm-bytecode@https://registry.npmjs.org/@webassemblyjs/helper-wasm-bytecode/-/helper-wasm-bytecode-1.11.1.tgz. Extracting by manifest.
606 silly tarball no local data for @webassemblyjs/floating-point-hex-parser@https://registry.npmjs.org/@webassemblyjs/floating-point-hex-parser/-/floating-point-hex-parser-1.11.1.tgz. Extracting by manifest.
607 silly tarball no local data for @types/json-schema@https://registry.npmjs.org/@types/json-schema/-/json-schema-7.0.11.tgz. Extracting by manifest.
608 silly tarball no local data for @types/eslint@https://registry.npmjs.org/@types/eslint/-/eslint-8.21.1.tgz. Extracting by manifest.
609 silly tarball no local data for @webassemblyjs/helper-numbers@https://registry.npmjs.org/@webassemblyjs/helper-numbers/-/helper-numbers-1.11.1.tgz. Extracting by manifest.
610 silly tarball no local data for watchpack@https://registry.npmjs.org/watchpack/-/watchpack-2.4.0.tgz. Extracting by manifest.
611 silly tarball no local data for schema-utils@https://registry.npmjs.org/schema-utils/-/schema-utils-3.1.1.tgz. Extracting by manifest.
612 silly tarball no local data for terser-webpack-plugin@https://registry.npmjs.org/terser-webpack-plugin/-/terser-webpack-plugin-5.3.6.tgz. Extracting by manifest.
613 silly tarball no local data for webpack-sources@https://registry.npmjs.org/webpack-sources/-/webpack-sources-3.2.3.tgz. Extracting by manifest.
614 silly tarball no local data for mime-types@https://registry.npmjs.org/mime-types/-/mime-types-2.1.35.tgz. Extracting by manifest.
615 silly tarball no local data for tapable@https://registry.npmjs.org/tapable/-/tapable-2.2.1.tgz. Extracting by manifest.
616 silly tarball no local data for loader-runner@https://registry.npmjs.org/loader-runner/-/loader-runner-4.3.0.tgz. Extracting by manifest.
617 silly tarball no local data for neo-async@https://registry.npmjs.org/neo-async/-/neo-async-2.6.2.tgz. Extracting by manifest.
618 silly tarball no local data for graceful-fs@https://registry.npmjs.org/graceful-fs/-/graceful-fs-4.2.10.tgz. Extracting by manifest.
619 silly tarball no local data for events@https://registry.npmjs.org/events/-/events-3.3.0.tgz. Extracting by manifest.
620 silly tarball no local data for json-parse-even-better-errors@https://registry.npmjs.org/json-parse-even-better-errors/-/json-parse-even-better-errors-2.3.1.tgz. Extracting by manifest.
621 silly tarball no local data for es-module-lexer@https://registry.npmjs.org/es-module-lexer/-/es-module-lexer-0.9.3.tgz. Extracting by manifest.
622 silly tarball no local data for glob-to-regexp@https://registry.npmjs.org/glob-to-regexp/-/glob-to-regexp-0.4.1.tgz. Extracting by manifest.
623 silly tarball no local data for chrome-trace-event@https://registry.npmjs.org/chrome-trace-event/-/chrome-trace-event-1.0.3.tgz. Extracting by manifest.
624 silly tarball no local data for acorn-import-assertions@https://registry.npmjs.org/acorn-import-assertions/-/acorn-import-assertions-1.8.0.tgz. Extracting by manifest.
625 silly tarball no local data for browserslist@https://registry.npmjs.org/browserslist/-/browserslist-4.21.5.tgz. Extracting by manifest.
626 silly tarball no local data for eslint-scope@https://registry.npmjs.org/eslint-scope/-/eslint-scope-5.1.1.tgz. Extracting by manifest.
627 silly tarball no local data for enhanced-resolve@https://registry.npmjs.org/enhanced-resolve/-/enhanced-resolve-5.12.0.tgz. Extracting by manifest.
628 silly tarball no local data for @webassemblyjs/wasm-edit@https://registry.npmjs.org/@webassemblyjs/wasm-edit/-/wasm-edit-1.11.1.tgz. Extracting by manifest.
629 silly tarball no local data for @webassemblyjs/wasm-parser@https://registry.npmjs.org/@webassemblyjs/wasm-parser/-/wasm-parser-1.11.1.tgz. Extracting by manifest.
630 silly tarball no local data for acorn@https://registry.npmjs.org/acorn/-/acorn-8.8.2.tgz. Extracting by manifest.
631 silly tarball no local data for @webassemblyjs/ast@https://registry.npmjs.org/@webassemblyjs/ast/-/ast-1.11.1.tgz. Extracting by manifest.
632 silly tarball no local data for @types/estree@https://registry.npmjs.org/@types/estree/-/estree-0.0.51.tgz. Extracting by manifest.
633 silly tarball no local data for @types/eslint-scope@https://registry.npmjs.org/@types/eslint-scope/-/eslint-scope-3.7.4.tgz. Extracting by manifest.
634 silly tarball no local data for webpack@https://registry.npmjs.org/webpack/-/webpack-5.75.0.tgz. Extracting by manifest.
635 silly tarball no local data for webpack-cli@https://registry.npmjs.org/webpack-cli/-/webpack-cli-4.10.0.tgz. Extracting by manifest.
636 silly tarball no local data for estraverse@https://registry.npmjs.org/estraverse/-/estraverse-5.3.0.tgz. Extracting by manifest.
637 silly tarball no local data for commander@https://registry.npmjs.org/commander/-/commander-7.2.0.tgz. Extracting by manifest.
638 http fetch GET 200 https://registry.npmjs.org/clone-deep/-/clone-deep-4.0.1.tgz 142ms (cache miss)
639 timing reifyNode:node_modules/clone-deep Completed in 161ms
640 http fetch GET 200 https://registry.npmjs.org/supports-preserve-symlinks-flag/-/supports-preserve-symlinks-flag-1.0.0.tgz 148ms (cache miss)
641 timing reifyNode:node_modules/supports-preserve-symlinks-flag Completed in 174ms
642 http fetch GET 200 https://registry.npmjs.org/isobject/-/isobject-3.0.1.tgz 154ms (cache miss)
643 timing reifyNode:node_modules/isobject Completed in 174ms
644 http fetch GET 200 https://registry.npmjs.org/shebang-regex/-/shebang-regex-3.0.0.tgz 155ms (cache miss)
645 timing reifyNode:node_modules/shebang-regex Completed in 175ms
646 http fetch GET 200 https://registry.npmjs.org/resolve-from/-/resolve-from-5.0.0.tgz 154ms (cache miss)
647 timing reifyNode:node_modules/resolve-from Completed in 176ms
648 http fetch GET 200 https://registry.npmjs.org/has/-/has-1.0.3.tgz 152ms (cache miss)
649 timing reifyNode:node_modules/has Completed in 176ms
650 http fetch GET 200 https://registry.npmjs.org/isexe/-/isexe-2.0.0.tgz 159ms (cache miss)
651 timing reifyNode:node_modules/isexe Completed in 176ms
652 http fetch GET 200 https://registry.npmjs.org/kind-of/-/kind-of-6.0.3.tgz 163ms (cache miss)
653 timing reifyNode:node_modules/kind-of Completed in 181ms
654 http fetch GET 200 https://registry.npmjs.org/is-core-module/-/is-core-module-2.11.0.tgz 158ms (cache miss)
655 timing reifyNode:node_modules/is-core-module Completed in 181ms
656 http fetch GET 200 https://registry.npmjs.org/is-plain-object/-/is-plain-object-2.0.4.tgz 163ms (cache miss)
657 timing reifyNode:node_modules/is-plain-object Completed in 181ms
658 http fetch GET 200 https://registry.npmjs.org/function-bind/-/function-bind-1.1.1.tgz 164ms (cache miss)
659 http fetch GET 200 https://registry.npmjs.org/shallow-clone/-/shallow-clone-3.0.1.tgz 167ms (cache miss)
660 timing reifyNode:node_modules/shallow-clone Completed in 185ms
661 timing reifyNode:node_modules/function-bind Completed in 185ms
662 http fetch GET 200 https://registry.npmjs.org/resolve/-/resolve-1.22.1.tgz 167ms (cache miss)
663 timing reifyNode:node_modules/resolve Completed in 191ms
664 http fetch GET 200 https://registry.npmjs.org/wildcard/-/wildcard-2.0.0.tgz 179ms (cache miss)
665 timing reifyNode:node_modules/wildcard Completed in 198ms
666 http fetch GET 200 https://registry.npmjs.org/p-limit/-/p-limit-2.3.0.tgz 179ms (cache miss)
667 timing reifyNode:node_modules/p-limit Completed in 204ms
668 http fetch GET 200 https://registry.npmjs.org/p-try/-/p-try-2.2.0.tgz 194ms (cache miss)
669 timing reifyNode:node_modules/p-try Completed in 219ms
670 http fetch GET 200 https://registry.npmjs.org/path-parse/-/path-parse-1.0.7.tgz 195ms (cache miss)
671 timing reifyNode:node_modules/path-parse Completed in 222ms
672 http fetch GET 200 https://registry.npmjs.org/path-exists/-/path-exists-4.0.0.tgz 197ms (cache miss)
673 timing reifyNode:node_modules/path-exists Completed in 223ms
674 http fetch GET 200 https://registry.npmjs.org/path-key/-/path-key-3.1.1.tgz 203ms (cache miss)
675 timing reifyNode:node_modules/path-key Completed in 230ms
676 http fetch GET 200 https://registry.npmjs.org/find-up/-/find-up-4.1.0.tgz 205ms (cache miss)
677 timing reifyNode:node_modules/find-up Completed in 231ms
678 http fetch GET 200 https://registry.npmjs.org/locate-path/-/locate-path-5.0.0.tgz 205ms (cache miss)
679 timing reifyNode:node_modules/locate-path Completed in 232ms
680 http fetch GET 200 https://registry.npmjs.org/pkg-dir/-/pkg-dir-4.2.0.tgz 203ms (cache miss)
681 timing reifyNode:node_modules/pkg-dir Completed in 232ms
682 http fetch GET 200 https://registry.npmjs.org/resolve-cwd/-/resolve-cwd-3.0.0.tgz 210ms (cache miss)
683 timing reifyNode:node_modules/resolve-cwd Completed in 237ms
684 http fetch GET 200 https://registry.npmjs.org/p-locate/-/p-locate-4.1.0.tgz 211ms (cache miss)
685 timing reifyNode:node_modules/p-locate Completed in 237ms
686 http fetch GET 200 https://registry.npmjs.org/which/-/which-2.0.2.tgz 209ms (cache miss)
687 timing reifyNode:node_modules/which Completed in 237ms
688 http fetch GET 200 https://registry.npmjs.org/shebang-command/-/shebang-command-2.0.0.tgz 228ms (cache miss)
689 timing reifyNode:node_modules/shebang-command Completed in 255ms
690 http fetch GET 200 https://registry.npmjs.org/envinfo/-/envinfo-7.8.1.tgz 237ms (cache miss)
691 timing reifyNode:node_modules/envinfo Completed in 265ms
692 http fetch GET 200 https://registry.npmjs.org/fastest-levenshtein/-/fastest-levenshtein-1.0.16.tgz 263ms (cache miss)
693 http fetch GET 200 https://registry.npmjs.org/rechoir/-/rechoir-0.7.1.tgz 267ms (cache miss)
694 timing reifyNode:node_modules/rechoir Completed in 296ms
695 http fetch GET 200 https://registry.npmjs.org/interpret/-/interpret-2.2.0.tgz 265ms (cache miss)
696 timing reifyNode:node_modules/interpret Completed in 296ms
697 http fetch GET 200 https://registry.npmjs.org/colorette/-/colorette-2.0.19.tgz 264ms (cache miss)
698 timing reifyNode:node_modules/colorette Completed in 296ms
699 http fetch GET 200 https://registry.npmjs.org/import-local/-/import-local-3.1.0.tgz 267ms (cache miss)
700 timing reifyNode:node_modules/import-local Completed in 296ms
701 timing reifyNode:node_modules/fastest-levenshtein Completed in 296ms
702 http fetch GET 200 https://registry.npmjs.org/cross-spawn/-/cross-spawn-7.0.3.tgz 278ms (cache miss)
703 timing reifyNode:node_modules/cross-spawn Completed in 309ms
704 http fetch GET 200 https://registry.npmjs.org/punycode/-/punycode-2.3.0.tgz 280ms (cache miss)
705 timing reifyNode:node_modules/punycode Completed in 313ms
706 http fetch GET 200 https://registry.npmjs.org/webpack-merge/-/webpack-merge-5.8.0.tgz 284ms (cache miss)
707 timing reifyNode:node_modules/webpack-merge Completed in 313ms
708 http fetch GET 200 https://registry.npmjs.org/@webpack-cli/info/-/info-1.5.0.tgz 301ms (cache miss)
709 timing reifyNode:node_modules/@webpack-cli/info Completed in 333ms
710 http fetch GET 200 https://registry.npmjs.org/escalade/-/escalade-3.1.1.tgz 301ms (cache miss)
711 timing reifyNode:node_modules/escalade Completed in 335ms
712 http fetch GET 200 https://registry.npmjs.org/@webpack-cli/configtest/-/configtest-1.2.0.tgz 302ms (cache miss)
713 timing reifyNode:node_modules/@webpack-cli/configtest Completed in 335ms
714 http fetch POST 200 https://registry.npmjs.org/-/npm/v1/security/advisories/bulk 343ms
715 timing auditReport:getReport Completed in 345ms
716 silly audit report {}
717 timing auditReport:init Completed in 0ms
718 timing reify:audit Completed in 345ms
719 http fetch GET 200 https://registry.npmjs.org/picocolors/-/picocolors-1.0.0.tgz 312ms (cache miss)
720 timing reifyNode:node_modules/picocolors Completed in 346ms
721 http fetch GET 200 https://registry.npmjs.org/buffer-from/-/buffer-from-1.1.2.tgz 321ms (cache miss)
722 timing reifyNode:node_modules/buffer-from Completed in 356ms
723 http fetch GET 200 https://registry.npmjs.org/commander/-/commander-2.20.3.tgz 323ms (cache miss)
724 timing reifyNode:node_modules/commander Completed in 359ms
725 http fetch GET 200 https://registry.npmjs.org/source-map/-/source-map-0.6.1.tgz 354ms (cache miss)
726 timing reifyNode:node_modules/source-map Completed in 389ms
727 http fetch GET 200 https://registry.npmjs.org/has-flag/-/has-flag-4.0.0.tgz 352ms (cache miss)
728 timing reifyNode:node_modules/has-flag Completed in 390ms
729 http fetch GET 200 https://registry.npmjs.org/safe-buffer/-/safe-buffer-5.2.1.tgz 352ms (cache miss)
730 timing reifyNode:node_modules/safe-buffer Completed in 391ms
731 http fetch GET 200 https://registry.npmjs.org/randombytes/-/randombytes-2.1.0.tgz 352ms (cache miss)
732 timing reifyNode:node_modules/randombytes Completed in 391ms
733 http fetch GET 200 https://registry.npmjs.org/source-map-support/-/source-map-support-0.5.21.tgz 355ms (cache miss)
734 timing reifyNode:node_modules/source-map-support Completed in 392ms
735 http fetch GET 200 https://registry.npmjs.org/@webpack-cli/serve/-/serve-1.7.0.tgz 359ms (cache miss)
736 timing reifyNode:node_modules/@webpack-cli/serve Completed in 392ms
737 http fetch GET 200 https://registry.npmjs.org/merge-stream/-/merge-stream-2.0.0.tgz 352ms (cache miss)
738 timing reifyNode:node_modules/merge-stream Completed in 392ms
739 http fetch GET 200 https://registry.npmjs.org/@discoveryjs/json-ext/-/json-ext-0.5.7.tgz 364ms (cache miss)
740 timing reifyNode:node_modules/@discoveryjs/json-ext Completed in 399ms
741 http fetch GET 200 https://registry.npmjs.org/supports-color/-/supports-color-8.1.1.tgz 362ms (cache miss)
742 timing reifyNode:node_modules/supports-color Completed in 402ms
743 http fetch GET 200 https://registry.npmjs.org/@jridgewell/gen-mapping/-/gen-mapping-0.3.2.tgz 384ms (cache miss)
744 timing reifyNode:node_modules/@jridgewell/gen-mapping Completed in 419ms
745 http fetch GET 200 https://registry.npmjs.org/@jridgewell/set-array/-/set-array-1.1.2.tgz 409ms (cache miss)
746 timing reifyNode:node_modules/@jridgewell/set-array Completed in 447ms
747 http fetch GET 200 https://registry.npmjs.org/serialize-javascript/-/serialize-javascript-6.0.1.tgz 423ms (cache miss)
748 timing reifyNode:node_modules/serialize-javascript Completed in 465ms
749 http fetch GET 200 https://registry.npmjs.org/jest-worker/-/jest-worker-27.5.1.tgz 423ms (cache miss)
750 timing reifyNode:node_modules/jest-worker Completed in 466ms
751 http fetch GET 200 https://registry.npmjs.org/@jridgewell/resolve-uri/-/resolve-uri-3.1.0.tgz 431ms (cache miss)
752 timing reifyNode:node_modules/@jridgewell/resolve-uri Completed in 471ms
753 http fetch GET 200 https://registry.npmjs.org/fast-json-stable-stringify/-/fast-json-stable-stringify-2.1.0.tgz 427ms (cache miss)
754 http fetch GET 200 https://registry.npmjs.org/json-schema-traverse/-/json-schema-traverse-0.4.1.tgz 429ms (cache miss)
755 timing reifyNode:node_modules/json-schema-traverse Completed in 472ms
756 timing reifyNode:node_modules/fast-json-stable-stringify Completed in 472ms
757 http fetch GET 200 https://registry.npmjs.org/fast-deep-equal/-/fast-deep-equal-3.1.3.tgz 435ms (cache miss)
758 timing reifyNode:node_modules/fast-deep-equal Completed in 479ms
759 http fetch GET 200 https://registry.npmjs.org/ajv-keywords/-/ajv-keywords-3.5.2.tgz 438ms (cache miss)
760 timing reifyNode:node_modules/ajv-keywords Completed in 481ms
761 http fetch GET 200 https://registry.npmjs.org/mime-db/-/mime-db-1.52.0.tgz 505ms (cache miss)
762 timing reifyNode:node_modules/mime-db Completed in 551ms
763 http fetch GET 200 https://registry.npmjs.org/@jridgewell/trace-mapping/-/trace-mapping-0.3.17.tgz 515ms (cache miss)
764 timing reifyNode:node_modules/@jridgewell/trace-mapping Completed in 558ms
765 http fetch GET 200 https://registry.npmjs.org/terser/-/terser-5.16.5.tgz 521ms (cache miss)
766 timing reifyNode:node_modules/terser Completed in 562ms
767 http fetch GET 200 https://registry.npmjs.org/update-browserslist-db/-/update-browserslist-db-1.0.10.tgz 529ms (cache miss)
768 timing reifyNode:node_modules/update-browserslist-db Completed in 574ms
769 http fetch GET 200 https://registry.npmjs.org/node-releases/-/node-releases-2.0.10.tgz 524ms (cache miss)
770 timing reifyNode:node_modules/node-releases Completed in 574ms
771 http fetch GET 200 https://registry.npmjs.org/esrecurse/-/esrecurse-4.3.0.tgz 529ms (cache miss)
772 timing reifyNode:node_modules/esrecurse Completed in 575ms
773 http fetch GET 200 https://registry.npmjs.org/@jridgewell/sourcemap-codec/-/sourcemap-codec-1.4.14.tgz 542ms (cache miss)
774 timing reifyNode:node_modules/@jridgewell/sourcemap-codec Completed in 583ms
775 http fetch GET 200 https://registry.npmjs.org/electron-to-chromium/-/electron-to-chromium-1.4.315.tgz 530ms (cache miss)
776 timing reifyNode:node_modules/electron-to-chromium Completed in 585ms
777 http fetch GET 200 https://registry.npmjs.org/estraverse/-/estraverse-4.3.0.tgz 594ms (cache miss)
778 timing reifyNode:node_modules/estraverse Completed in 640ms
779 http fetch GET 200 https://registry.npmjs.org/@xtuc/ieee754/-/ieee754-1.2.0.tgz 597ms (cache miss)
780 timing reifyNode:node_modules/@xtuc/ieee754 Completed in 650ms
781 http fetch GET 200 https://registry.npmjs.org/@webassemblyjs/ieee754/-/ieee754-1.11.1.tgz 600ms (cache miss)
782 timing reifyNode:node_modules/@webassemblyjs/ieee754 Completed in 657ms
783 http fetch GET 200 https://registry.npmjs.org/ajv/-/ajv-6.12.6.tgz 626ms (cache miss)
784 timing reifyNode:node_modules/ajv Completed in 672ms
785 http fetch GET 200 https://registry.npmjs.org/@webassemblyjs/wast-printer/-/wast-printer-1.11.1.tgz 614ms (cache miss)
786 timing reifyNode:node_modules/@webassemblyjs/wast-printer Completed in 676ms
787 http fetch GET 200 https://registry.npmjs.org/@webassemblyjs/leb128/-/leb128-1.11.1.tgz 621ms (cache miss)
788 timing reifyNode:node_modules/@webassemblyjs/leb128 Completed in 680ms
789 http fetch GET 200 https://registry.npmjs.org/@webassemblyjs/wasm-opt/-/wasm-opt-1.11.1.tgz 627ms (cache miss)
790 timing reifyNode:node_modules/@webassemblyjs/wasm-opt Completed in 687ms
791 http fetch GET 200 https://registry.npmjs.org/@jridgewell/source-map/-/source-map-0.3.2.tgz 650ms (cache miss)
792 timing reifyNode:node_modules/@jridgewell/source-map Completed in 688ms
793 http fetch GET 200 https://registry.npmjs.org/uri-js/-/uri-js-4.4.1.tgz 647ms (cache miss)
794 timing reifyNode:node_modules/uri-js Completed in 689ms
795 http fetch GET 200 https://registry.npmjs.org/@webassemblyjs/helper-wasm-section/-/helper-wasm-section-1.11.1.tgz 629ms (cache miss)
796 timing reifyNode:node_modules/@webassemblyjs/helper-wasm-section Completed in 693ms
797 http fetch GET 200 https://registry.npmjs.org/@types/node/-/node-18.14.4.tgz 678ms (cache miss)
798 timing reifyNode:node_modules/@types/node Completed in 717ms
799 http fetch GET 200 https://registry.npmjs.org/@webassemblyjs/wasm-gen/-/wasm-gen-1.11.1.tgz 651ms (cache miss)
800 timing reifyNode:node_modules/@webassemblyjs/wasm-gen Completed in 719ms
801 http fetch GET 200 https://registry.npmjs.org/@webassemblyjs/floating-point-hex-parser/-/floating-point-hex-parser-1.11.1.tgz 663ms (cache miss)
802 timing reifyNode:node_modules/@webassemblyjs/floating-point-hex-parser Completed in 742ms
803 http fetch GET 200 https://registry.npmjs.org/@webassemblyjs/helper-wasm-bytecode/-/helper-wasm-bytecode-1.11.1.tgz 665ms (cache miss)
804 timing reifyNode:node_modules/@webassemblyjs/helper-wasm-bytecode Completed in 742ms
805 http fetch GET 200 https://registry.npmjs.org/@webassemblyjs/helper-numbers/-/helper-numbers-1.11.1.tgz 666ms (cache miss)
806 timing reifyNode:node_modules/@webassemblyjs/helper-numbers Completed in 751ms
807 http fetch GET 200 https://registry.npmjs.org/@types/eslint/-/eslint-8.21.1.tgz 672ms (cache miss)
808 timing reifyNode:node_modules/@types/eslint Completed in 755ms
809 http fetch GET 200 https://registry.npmjs.org/@xtuc/long/-/long-4.2.2.tgz 691ms (cache miss)
810 timing reifyNode:node_modules/@xtuc/long Completed in 762ms
811 http fetch GET 200 https://registry.npmjs.org/terser-webpack-plugin/-/terser-webpack-plugin-5.3.6.tgz 672ms (cache miss)
812 timing reifyNode:node_modules/terser-webpack-plugin Completed in 763ms
813 http fetch GET 200 https://registry.npmjs.org/schema-utils/-/schema-utils-3.1.1.tgz 678ms (cache miss)
814 timing reifyNode:node_modules/schema-utils Completed in 766ms
815 http fetch GET 200 https://registry.npmjs.org/@webassemblyjs/helper-buffer/-/helper-buffer-1.11.1.tgz 700ms (cache miss)
816 timing reifyNode:node_modules/@webassemblyjs/helper-buffer Completed in 773ms
817 http fetch GET 200 https://registry.npmjs.org/@types/json-schema/-/json-schema-7.0.11.tgz 693ms (cache miss)
818 timing reifyNode:node_modules/@types/json-schema Completed in 774ms
819 http fetch GET 200 https://registry.npmjs.org/@webassemblyjs/helper-api-error/-/helper-api-error-1.11.1.tgz 699ms (cache miss)
820 timing reifyNode:node_modules/@webassemblyjs/helper-api-error Completed in 775ms
821 http fetch GET 200 https://registry.npmjs.org/watchpack/-/watchpack-2.4.0.tgz 688ms (cache miss)
822 timing reifyNode:node_modules/watchpack Completed in 775ms
823 http fetch GET 200 https://registry.npmjs.org/webpack-sources/-/webpack-sources-3.2.3.tgz 686ms (cache miss)
824 timing reifyNode:node_modules/webpack-sources Completed in 778ms
825 http fetch GET 200 https://registry.npmjs.org/caniuse-lite/-/caniuse-lite-1.0.30001458.tgz 731ms (cache miss)
826 timing reifyNode:node_modules/caniuse-lite Completed in 779ms
827 http fetch GET 200 https://registry.npmjs.org/mime-types/-/mime-types-2.1.35.tgz 688ms (cache miss)
828 timing reifyNode:node_modules/mime-types Completed in 782ms
829 http fetch GET 200 https://registry.npmjs.org/tapable/-/tapable-2.2.1.tgz 701ms (cache miss)
830 timing reifyNode:node_modules/tapable Completed in 797ms
831 http fetch GET 200 https://registry.npmjs.org/graceful-fs/-/graceful-fs-4.2.10.tgz 699ms (cache miss)
832 timing reifyNode:node_modules/graceful-fs Completed in 800ms
833 http fetch GET 200 https://registry.npmjs.org/acorn-import-assertions/-/acorn-import-assertions-1.8.0.tgz 721ms (cache miss)
834 timing reifyNode:node_modules/acorn-import-assertions Completed in 828ms
835 http fetch GET 200 https://registry.npmjs.org/chrome-trace-event/-/chrome-trace-event-1.0.3.tgz 722ms (cache miss)
836 timing reifyNode:node_modules/chrome-trace-event Completed in 828ms
837 http fetch GET 200 https://registry.npmjs.org/loader-runner/-/loader-runner-4.3.0.tgz 730ms (cache miss)
838 timing reifyNode:node_modules/loader-runner Completed in 828ms
839 http fetch GET 200 https://registry.npmjs.org/eslint-scope/-/eslint-scope-5.1.1.tgz 721ms (cache miss)
840 timing reifyNode:node_modules/eslint-scope Completed in 828ms
841 http fetch GET 200 https://registry.npmjs.org/glob-to-regexp/-/glob-to-regexp-0.4.1.tgz 725ms (cache miss)
842 timing reifyNode:node_modules/glob-to-regexp Completed in 831ms
843 http fetch GET 200 https://registry.npmjs.org/enhanced-resolve/-/enhanced-resolve-5.12.0.tgz 736ms (cache miss)
844 timing reifyNode:node_modules/enhanced-resolve Completed in 845ms
845 http fetch GET 200 https://registry.npmjs.org/events/-/events-3.3.0.tgz 740ms (cache miss)
846 timing reifyNode:node_modules/events Completed in 845ms
847 http fetch GET 200 https://registry.npmjs.org/es-module-lexer/-/es-module-lexer-0.9.3.tgz 745ms (cache miss)
848 http fetch GET 200 https://registry.npmjs.org/json-parse-even-better-errors/-/json-parse-even-better-errors-2.3.1.tgz 746ms (cache miss)
849 timing reifyNode:node_modules/json-parse-even-better-errors Completed in 851ms
850 timing reifyNode:node_modules/es-module-lexer Completed in 851ms
851 http fetch GET 200 https://registry.npmjs.org/@webassemblyjs/wasm-edit/-/wasm-edit-1.11.1.tgz 749ms (cache miss)
852 timing reifyNode:node_modules/@webassemblyjs/wasm-edit Completed in 857ms
853 http fetch GET 200 https://registry.npmjs.org/browserslist/-/browserslist-4.21.5.tgz 759ms (cache miss)
854 timing reifyNode:node_modules/browserslist Completed in 866ms
855 http fetch GET 200 https://registry.npmjs.org/@webassemblyjs/wasm-parser/-/wasm-parser-1.11.1.tgz 797ms (cache miss)
856 timing reifyNode:node_modules/@webassemblyjs/wasm-parser Completed in 906ms
857 http fetch GET 200 https://registry.npmjs.org/neo-async/-/neo-async-2.6.2.tgz 809ms (cache miss)
858 timing reifyNode:node_modules/neo-async Completed in 909ms
859 http fetch GET 200 https://registry.npmjs.org/@webassemblyjs/utf8/-/utf8-1.11.1.tgz 851ms (cache miss)
860 timing reifyNode:node_modules/@webassemblyjs/utf8 Completed in 917ms
861 http fetch GET 200 https://registry.npmjs.org/@types/estree/-/estree-0.0.51.tgz 814ms (cache miss)
862 timing reifyNode:node_modules/@types/estree Completed in 924ms
863 http fetch GET 200 https://registry.npmjs.org/acorn/-/acorn-8.8.2.tgz 834ms (cache miss)
864 timing reifyNode:node_modules/acorn Completed in 943ms
865 http fetch GET 200 https://registry.npmjs.org/@types/eslint-scope/-/eslint-scope-3.7.4.tgz 861ms (cache miss)
866 timing reifyNode:node_modules/@types/eslint-scope Completed in 970ms
867 http fetch GET 200 https://registry.npmjs.org/@webassemblyjs/ast/-/ast-1.11.1.tgz 866ms (cache miss)
868 timing reifyNode:node_modules/@webassemblyjs/ast Completed in 975ms
869 http fetch GET 200 https://registry.npmjs.org/estraverse/-/estraverse-5.3.0.tgz 866ms (cache miss)
870 timing reifyNode:node_modules/esrecurse/node_modules/estraverse Completed in 978ms
871 http fetch GET 200 https://registry.npmjs.org/commander/-/commander-7.2.0.tgz 873ms (cache miss)
872 timing reifyNode:node_modules/webpack-cli/node_modules/commander Completed in 984ms
873 http fetch GET 200 https://registry.npmjs.org/webpack-cli/-/webpack-cli-4.10.0.tgz 895ms (cache miss)
874 timing reifyNode:node_modules/webpack-cli Completed in 1005ms
875 http fetch GET 200 https://registry.npmjs.org/webpack/-/webpack-5.75.0.tgz 1177ms (cache miss)
876 timing reifyNode:node_modules/webpack Completed in 1286ms
877 timing reify:unpack Completed in 1289ms
878 timing reify:unretire Completed in 0ms
879 timing build:queue Completed in 2ms
880 timing build:link:node_modules/acorn Completed in 2ms
881 timing build:link:node_modules/resolve Completed in 2ms
882 timing build:link:node_modules/browserslist Completed in 2ms
883 timing build:link:node_modules/import-local Completed in 2ms
884 timing build:link:node_modules/envinfo Completed in 2ms
885 timing build:link:node_modules/webpack Completed in 2ms
886 timing build:link:node_modules/terser Completed in 2ms
887 timing build:link:node_modules/which Completed in 2ms
888 timing build:link:node_modules/webpack-cli Completed in 2ms
889 timing build:link:node_modules/update-browserslist-db Completed in 2ms
890 timing build:link Completed in 2ms
891 timing build:deps Completed in 5ms
892 timing build:queue Completed in 0ms
893 timing build:links Completed in 0ms
894 timing build Completed in 5ms
895 timing reify:build Completed in 5ms
896 timing reify:trash Completed in 0ms
897 timing reify:save Completed in 12ms
898 timing reify Completed in 6412ms
899 silly ADD node_modules/isexe
900 silly ADD node_modules/isobject
901 silly ADD node_modules/shallow-clone
902 silly ADD node_modules/kind-of
903 silly ADD node_modules/is-plain-object
904 silly ADD node_modules/wildcard
905 silly ADD node_modules/clone-deep
906 silly ADD node_modules/shebang-regex
907 silly ADD node_modules/resolve-from
908 silly ADD node_modules/function-bind
909 silly ADD node_modules/has
910 silly ADD node_modules/supports-preserve-symlinks-flag
911 silly ADD node_modules/path-parse
912 silly ADD node_modules/is-core-module
913 silly ADD node_modules/resolve
914 silly ADD node_modules/p-try
915 silly ADD node_modules/p-limit
916 silly ADD node_modules/p-locate
917 silly ADD node_modules/path-exists
918 silly ADD node_modules/locate-path
919 silly ADD node_modules/find-up
920 silly ADD node_modules/resolve-cwd
921 silly ADD node_modules/pkg-dir
922 silly ADD node_modules/which
923 silly ADD node_modules/shebang-command
924 silly ADD node_modules/path-key
925 silly ADD node_modules/envinfo
926 silly ADD node_modules/webpack-merge
927 silly ADD node_modules/rechoir
928 silly ADD node_modules/interpret
929 silly ADD node_modules/import-local
930 silly ADD node_modules/fastest-levenshtein
931 silly ADD node_modules/cross-spawn
932 silly ADD node_modules/colorette
933 silly ADD node_modules/@webpack-cli/serve
934 silly ADD node_modules/@webpack-cli/info
935 silly ADD node_modules/@webpack-cli/configtest
936 silly ADD node_modules/@discoveryjs/json-ext
937 silly ADD node_modules/punycode
938 silly ADD node_modules/picocolors
939 silly ADD node_modules/escalade
940 silly ADD node_modules/source-map
941 silly ADD node_modules/buffer-from
942 silly ADD node_modules/@jridgewell/set-array
943 silly ADD node_modules/@jridgewell/gen-mapping
944 silly ADD node_modules/source-map-support
945 silly ADD node_modules/commander
946 silly ADD node_modules/@jridgewell/source-map
947 silly ADD node_modules/has-flag
948 silly ADD node_modules/safe-buffer
949 silly ADD node_modules/randombytes
950 silly ADD node_modules/supports-color
951 silly ADD node_modules/merge-stream
952 silly ADD node_modules/@types/node
953 silly ADD node_modules/@jridgewell/sourcemap-codec
954 silly ADD node_modules/@jridgewell/resolve-uri
955 silly ADD node_modules/terser
956 silly ADD node_modules/serialize-javascript
957 silly ADD node_modules/jest-worker
958 silly ADD node_modules/@jridgewell/trace-mapping
959 silly ADD node_modules/uri-js
960 silly ADD node_modules/json-schema-traverse
961 silly ADD node_modules/fast-json-stable-stringify
962 silly ADD node_modules/fast-deep-equal
963 silly ADD node_modules/ajv-keywords
964 silly ADD node_modules/ajv
965 silly ADD node_modules/mime-db
966 silly ADD node_modules/estraverse
967 silly ADD node_modules/esrecurse
968 silly ADD node_modules/esrecurse/node_modules/estraverse
969 silly ADD node_modules/update-browserslist-db
970 silly ADD node_modules/node-releases
971 silly ADD node_modules/electron-to-chromium
972 silly ADD node_modules/caniuse-lite
973 silly ADD node_modules/@xtuc/ieee754
974 silly ADD node_modules/@webassemblyjs/utf8
975 silly ADD node_modules/@webassemblyjs/leb128
976 silly ADD node_modules/@webassemblyjs/ieee754
977 silly ADD node_modules/@webassemblyjs/wast-printer
978 silly ADD node_modules/@webassemblyjs/wasm-opt
979 silly ADD node_modules/@webassemblyjs/wasm-gen
980 silly ADD node_modules/@webassemblyjs/helper-wasm-section
981 silly ADD node_modules/@webassemblyjs/helper-buffer
982 silly ADD node_modules/@xtuc/long
983 silly ADD node_modules/@webassemblyjs/helper-api-error
984 silly ADD node_modules/@webassemblyjs/floating-point-hex-parser
985 silly ADD node_modules/@webassemblyjs/helper-wasm-bytecode
986 silly ADD node_modules/@webassemblyjs/helper-numbers
987 silly ADD node_modules/@types/json-schema
988 silly ADD node_modules/@types/eslint
989 silly ADD node_modules/webpack-sources
990 silly ADD node_modules/watchpack
991 silly ADD node_modules/terser-webpack-plugin
992 silly ADD node_modules/tapable
993 silly ADD node_modules/schema-utils
994 silly ADD node_modules/neo-async
995 silly ADD node_modules/mime-types
996 silly ADD node_modules/loader-runner
997 silly ADD node_modules/json-parse-even-better-errors
998 silly ADD node_modules/graceful-fs
999 silly ADD node_modules/glob-to-regexp
1000 silly ADD node_modules/events
1001 silly ADD node_modules/eslint-scope
1002 silly ADD node_modules/es-module-lexer
1003 silly ADD node_modules/enhanced-resolve
1004 silly ADD node_modules/chrome-trace-event
1005 silly ADD node_modules/browserslist
1006 silly ADD node_modules/acorn-import-assertions
1007 silly ADD node_modules/acorn
1008 silly ADD node_modules/@webassemblyjs/wasm-parser
1009 silly ADD node_modules/@webassemblyjs/wasm-edit
1010 silly ADD node_modules/@webassemblyjs/ast
1011 silly ADD node_modules/@types/estree
1012 silly ADD node_modules/@types/eslint-scope
1013 silly ADD node_modules/webpack
1014 silly ADD node_modules/webpack-cli
1015 silly ADD node_modules/webpack-cli/node_modules/commander
1016 silly ADD node_modules/axum-live-view
1017 timing command:install Completed in 6417ms
1018 verbose exit 0
1019 timing npm Completed in 6432ms
1020 info ok
