0 verbose cli /opt/homebrew/Cellar/node/19.7.0/bin/node /opt/homebrew/bin/npm
1 info using npm@9.5.0
2 info using node@v19.7.0
3 timing npm:load:whichnode Completed in 0ms
4 timing config:load:defaults Completed in 2ms
5 timing config:load:file:/opt/homebrew/lib/node_modules/npm/npmrc Completed in 0ms
6 timing config:load:builtin Completed in 1ms
7 timing config:load:cli Completed in 1ms
8 timing config:load:env Completed in 0ms
9 timing config:load:file:/Users/david.pedersen/code/axum-live-view/assets/.npmrc Completed in 0ms
10 timing config:load:project Completed in 0ms
11 timing config:load:file:/Users/david.pedersen/.npmrc Completed in 0ms
12 timing config:load:user Completed in 0ms
13 timing config:load:file:/opt/homebrew/etc/npmrc Completed in 0ms
14 timing config:load:global Completed in 0ms
15 timing config:load:setEnvs Completed in 1ms
16 timing config:load Completed in 5ms
17 timing npm:load:configload Completed in 5ms
18 timing npm:load:mkdirpcache Completed in 0ms
19 timing npm:load:mkdirplogs Completed in 0ms
20 verbose title npm install
21 verbose argv "install"
22 timing npm:load:setTitle Completed in 2ms
23 timing config:load:flatten Completed in 1ms
24 timing npm:load:display Completed in 1ms
25 verbose logfile logs-max:10 dir:/Users/david.pedersen/.npm/_logs/2023-03-02T18_34_57_588Z-
26 verbose logfile /Users/david.pedersen/.npm/_logs/2023-03-02T18_34_57_588Z-debug-0.log
27 timing npm:load:logFile Completed in 2ms
28 timing npm:load:timers Completed in 0ms
29 timing npm:load:configScope Completed in 0ms
30 timing npm:load Completed in 10ms
31 timing arborist:ctor Completed in 1ms
32 silly logfile done cleaning log files
33 timing arborist:ctor Completed in 0ms
34 timing idealTree:init Completed in 5ms
35 timing idealTree:userRequests Completed in 0ms
36 silly idealTree buildDeps
37 silly fetch manifest morphdom@^2.6.1
38 http fetch GET 200 https://registry.npmjs.org/morphdom 1071ms (cache miss)
39 silly fetch manifest typescript@^4.5.4
40 http fetch GET 200 https://registry.npmjs.org/npm 1095ms (cache miss)
41 http fetch GET 200 https://registry.npmjs.org/typescript 1642ms (cache miss)
42 silly placeDep ROOT morphdom@2.7.0 OK for: axum-live-view@0.1.0 want: ^2.6.1
43 silly placeDep ROOT typescript@4.9.5 OK for: axum-live-view@0.1.0 want: ^4.5.4
44 timing idealTree:#root Completed in 2756ms
45 timing idealTree:node_modules/morphdom Completed in 0ms
46 timing idealTree:node_modules/typescript Completed in 0ms
47 timing idealTree:buildDeps Completed in 2756ms
48 timing idealTree:fixDepFlags Completed in 0ms
49 timing idealTree Completed in 2762ms
50 timing reify:loadTrees Completed in 2762ms
51 timing reify:diffTrees Completed in 1ms
52 silly reify moves {}
53 timing reify:retireShallow Completed in 0ms
54 timing reify:createSparse Completed in 2ms
55 timing reify:loadBundles Completed in 0ms
56 silly audit bulk request { morphdom: [ '2.7.0' ], typescript: [ '4.9.5' ] }
57 silly tarball no local data for morphdom@https://registry.npmjs.org/morphdom/-/morphdom-2.7.0.tgz. Extracting by manifest.
58 silly tarball no local data for typescript@https://registry.npmjs.org/typescript/-/typescript-4.9.5.tgz. Extracting by manifest.
59 http fetch GET 200 https://registry.npmjs.org/morphdom/-/morphdom-2.7.0.tgz 105ms (cache miss)
60 timing reifyNode:node_modules/morphdom Completed in 111ms
61 http fetch GET 200 https://registry.npmjs.org/typescript/-/typescript-4.9.5.tgz 2015ms (cache miss)
62 timing reifyNode:node_modules/typescript Completed in 2022ms
63 timing reify:unpack Completed in 2022ms
64 timing reify:unretire Completed in 0ms
65 timing build:queue Completed in 0ms
66 timing build:link:node_modules/typescript Completed in 2ms
67 timing build:link Completed in 2ms
68 timing build:deps Completed in 3ms
69 timing build Completed in 3ms
70 timing reify:build Completed in 3ms
71 timing reify:trash Completed in 0ms
72 timing reify:save Completed in 3ms
73 http fetch POST 200 https://registry.npmjs.org/-/npm/v1/security/advisories/bulk 2727ms
74 timing auditReport:getReport Completed in 2729ms
75 silly audit report {}
76 timing auditReport:init Completed in 0ms
77 timing reify:audit Completed in 2731ms
78 timing reify Completed in 5509ms
79 silly ADD node_modules/typescript
80 silly ADD node_modules/morphdom
81 timing command:install Completed in 5515ms
82 notice
82 notice New [33mminor[39m version of npm available! [31m9.5.0[39m -> [32m9.6.0[39m
82 notice Changelog: [36mhttps://github.com/npm/cli/releases/tag/v9.6.0[39m
82 notice Run [32mnpm install -g npm@9.6.0[39m to update!
82 notice
83 verbose exit 0
84 timing npm Completed in 5531ms
85 info ok
